2021-04-19 13:20:01,705 +0530 [main] INFO  (BaseClass.java:58) - Opening the browser
2021-04-19 13:20:01,714 +0530 [main] INFO  (BaseClass.java:59) - Invoking the URL
2021-04-19 13:20:09,486 +0530 [main] INFO  (BaseClass.java:61) - Maximizing the window
2021-04-19 13:20:09,858 +0530 [main] INFO  (LoginPageTest.java:20) - click on SignIn Button
2021-04-19 13:20:12,751 +0530 [main] INFO  (LoginPageTest.java:22) - entering USERNAME and PASSWORD
2021-04-19 13:20:17,511 +0530 [main] INFO  (LoginPageTest.java:25) - Login Suucess
2021-04-19 13:20:19,177 +0530 [main] INFO  (BaseClass.java:58) - Opening the browser
2021-04-19 13:20:19,178 +0530 [main] INFO  (BaseClass.java:59) - Invoking the URL
2021-04-19 13:20:30,944 +0530 [main] INFO  (BaseClass.java:61) - Maximizing the window
2021-04-19 13:20:31,276 +0530 [main] INFO  (EndToEndTest.java:41) - Searching for a Product
2021-04-19 13:20:34,017 +0530 [main] INFO  (EndToEndTest.java:45) - Click on Product for more information
2021-04-19 13:20:36,323 +0530 [main] INFO  (EndToEndTest.java:47) - Select Quantity
2021-04-19 13:20:36,600 +0530 [main] INFO  (EndToEndTest.java:49) - Select Size
2021-04-19 13:20:37,008 +0530 [main] INFO  (EndToEndTest.java:51) - Click on Add to Cart Button
2021-04-19 13:20:37,204 +0530 [main] INFO  (EndToEndTest.java:53) - Click on Proceed to checkout Button
2021-04-19 13:20:40,487 +0530 [main] INFO  (EndToEndTest.java:55) - Click on Proceed to checkout Button
2021-04-19 13:20:43,219 +0530 [main] INFO  (EndToEndTest.java:58) - enter USERNAME and PASSWORD to signin
2021-04-19 13:20:46,059 +0530 [main] INFO  (EndToEndTest.java:61) - Click on Proceed to checkout Button
2021-04-19 13:20:48,081 +0530 [main] INFO  (EndToEndTest.java:63) - Click on Terms and Conditions
2021-04-19 13:20:48,235 +0530 [main] INFO  (EndToEndTest.java:65) - Click on Proceed to checkout Button
2021-04-19 13:20:50,174 +0530 [main] INFO  (EndToEndTest.java:67) - Click on Bank Wire Option
2021-04-19 13:20:52,702 +0530 [main] INFO  (EndToEndTest.java:69) - Click on Confirm my order
2021-04-19 13:20:55,625 +0530 [main] INFO  (EndToEndTest.java:73) - Your Order complete successfully
2021-04-19 13:20:57,027 +0530 [main] INFO  (BaseClass.java:58) - Opening the browser
2021-04-19 13:20:57,028 +0530 [main] INFO  (BaseClass.java:59) - Invoking the URL
2021-04-19 13:21:05,127 +0530 [main] INFO  (BaseClass.java:61) - Maximizing the window
2021-04-19 13:21:07,124 +0530 [main] INFO  (BaseClass.java:58) - Opening the browser
2021-04-19 13:21:07,126 +0530 [main] INFO  (BaseClass.java:59) - Invoking the URL
2021-04-19 13:21:16,825 +0530 [main] INFO  (BaseClass.java:61) - Maximizing the window
2021-04-19 13:21:18,791 +0530 [main] INFO  (BaseClass.java:58) - Opening the browser
2021-04-19 13:21:18,792 +0530 [main] INFO  (BaseClass.java:59) - Invoking the URL
2021-04-19 13:21:28,127 +0530 [main] INFO  (BaseClass.java:61) - Maximizing the window
2021-04-19 13:21:36,385 +0530 [main] INFO  (BaseClass.java:58) - Opening the browser
2021-04-19 13:21:36,385 +0530 [main] INFO  (BaseClass.java:59) - Invoking the URL
2021-04-19 13:21:46,064 +0530 [main] INFO  (BaseClass.java:61) - Maximizing the window
2021-04-19 13:22:06,227 +0530 [main] INFO  (BaseClass.java:58) - Opening the browser
2021-04-19 13:22:06,228 +0530 [main] INFO  (BaseClass.java:59) - Invoking the URL
2021-04-19 13:22:14,477 +0530 [main] INFO  (BaseClass.java:61) - Maximizing the window
2021-04-19 13:27:34,662 +0530 [main] INFO  (BaseClass.java:58) - Opening the browser
2021-04-19 13:27:34,668 +0530 [main] INFO  (BaseClass.java:59) - Invoking the URL
2021-04-19 13:27:41,508 +0530 [main] INFO  (BaseClass.java:61) - Maximizing the window
2021-04-19 13:27:41,867 +0530 [main] INFO  (LoginPageTest.java:20) - click on SignIn Button
2021-04-19 13:27:45,262 +0530 [main] INFO  (LoginPageTest.java:22) - entering USERNAME and PASSWORD
2021-04-19 13:27:48,365 +0530 [main] INFO  (LoginPageTest.java:25) - Login Suucess
2021-04-19 13:27:49,986 +0530 [main] INFO  (BaseClass.java:58) - Opening the browser
2021-04-19 13:27:49,988 +0530 [main] INFO  (BaseClass.java:59) - Invoking the URL
2021-04-19 13:27:56,973 +0530 [main] INFO  (BaseClass.java:61) - Maximizing the window
2021-04-19 13:27:57,297 +0530 [main] INFO  (EndToEndTest.java:41) - Searching for a Product
2021-04-19 13:28:00,999 +0530 [main] INFO  (EndToEndTest.java:45) - Click on Product for more information
2021-04-19 13:28:02,506 +0530 [main] INFO  (EndToEndTest.java:47) - Select Quantity
2021-04-19 13:28:03,998 +0530 [main] INFO  (EndToEndTest.java:49) - Select Size
2021-04-19 13:28:04,353 +0530 [main] INFO  (EndToEndTest.java:51) - Click on Add to Cart Button
2021-04-19 13:28:04,576 +0530 [main] INFO  (EndToEndTest.java:53) - Click on Proceed to checkout Button
2021-04-19 13:28:07,729 +0530 [main] INFO  (EndToEndTest.java:55) - Click on Proceed to checkout Button
2021-04-19 13:28:10,922 +0530 [main] INFO  (EndToEndTest.java:58) - enter USERNAME and PASSWORD to signin
2021-04-19 13:28:14,130 +0530 [main] INFO  (EndToEndTest.java:61) - Click on Proceed to checkout Button
2021-04-19 13:28:16,231 +0530 [main] INFO  (EndToEndTest.java:63) - Click on Terms and Conditions
2021-04-19 13:28:16,351 +0530 [main] INFO  (EndToEndTest.java:65) - Click on Proceed to checkout Button
2021-04-19 13:28:18,999 +0530 [main] INFO  (EndToEndTest.java:67) - Click on Bank Wire Option
2021-04-19 13:28:20,834 +0530 [main] INFO  (EndToEndTest.java:69) - Click on Confirm my order
2021-04-19 13:28:25,171 +0530 [main] INFO  (EndToEndTest.java:73) - Your Order complete successfully
2021-04-19 13:28:26,690 +0530 [main] INFO  (BaseClass.java:58) - Opening the browser
2021-04-19 13:28:26,691 +0530 [main] INFO  (BaseClass.java:59) - Invoking the URL
2021-04-19 13:28:38,527 +0530 [main] INFO  (BaseClass.java:61) - Maximizing the window
2021-04-19 13:28:44,626 +0530 [main] INFO  (BaseClass.java:58) - Opening the browser
2021-04-19 13:28:44,626 +0530 [main] INFO  (BaseClass.java:59) - Invoking the URL
2021-04-19 13:28:54,114 +0530 [main] INFO  (BaseClass.java:61) - Maximizing the window
2021-04-19 13:28:55,722 +0530 [main] INFO  (BaseClass.java:58) - Opening the browser
2021-04-19 13:28:55,722 +0530 [main] INFO  (BaseClass.java:59) - Invoking the URL
2021-04-19 13:29:05,099 +0530 [main] INFO  (BaseClass.java:61) - Maximizing the window
2021-04-19 13:29:13,784 +0530 [main] INFO  (BaseClass.java:58) - Opening the browser
2021-04-19 13:29:13,784 +0530 [main] INFO  (BaseClass.java:59) - Invoking the URL
2021-04-19 13:29:22,213 +0530 [main] INFO  (BaseClass.java:61) - Maximizing the window
2021-04-19 13:29:39,317 +0530 [main] INFO  (BaseClass.java:58) - Opening the browser
2021-04-19 13:29:39,318 +0530 [main] INFO  (BaseClass.java:59) - Invoking the URL
2021-04-19 13:29:46,897 +0530 [main] INFO  (BaseClass.java:61) - Maximizing the window
2021-04-19 13:30:08,380 +0530 [main] INFO  (BaseClass.java:58) - Opening the browser
2021-04-19 13:30:08,384 +0530 [main] INFO  (BaseClass.java:59) - Invoking the URL
2021-04-19 13:30:17,199 +0530 [main] INFO  (BaseClass.java:61) - Maximizing the window
2021-04-19 13:30:35,692 +0530 [main] INFO  (BaseClass.java:58) - Opening the browser
2021-04-19 13:30:35,693 +0530 [main] INFO  (BaseClass.java:59) - Invoking the URL
2021-04-19 13:30:50,246 +0530 [main] INFO  (BaseClass.java:61) - Maximizing the window
2021-04-19 13:31:00,667 +0530 [main] INFO  (BaseClass.java:58) - Opening the browser
2021-04-19 13:31:00,667 +0530 [main] INFO  (BaseClass.java:59) - Invoking the URL
2021-04-19 13:31:14,062 +0530 [main] INFO  (BaseClass.java:61) - Maximizing the window
2021-04-19 13:31:26,852 +0530 [main] INFO  (BaseClass.java:58) - Opening the browser
2021-04-19 13:31:26,852 +0530 [main] INFO  (BaseClass.java:59) - Invoking the URL
2021-04-19 13:31:43,742 +0530 [main] INFO  (BaseClass.java:61) - Maximizing the window
2021-04-19 13:32:05,988 +0530 [main] INFO  (BaseClass.java:58) - Opening the browser
2021-04-19 13:32:05,988 +0530 [main] INFO  (BaseClass.java:59) - Invoking the URL
2021-04-19 13:32:17,266 +0530 [main] INFO  (BaseClass.java:61) - Maximizing the window
2021-04-19 13:32:35,590 +0530 [main] DEBUG (_Log4jLoggerFactory.java:44) - Couldn't find template in cache for "spark/spark.spa.ftl"("en_US", UTF-8, parsed); will try to load it.
2021-04-19 13:32:35,592 +0530 [main] DEBUG (_Log4jLoggerFactory.java:44) - TemplateLoader.findTemplateSource("spark/spark.spa_en_US.ftl"): Not found
2021-04-19 13:32:35,595 +0530 [main] DEBUG (_Log4jLoggerFactory.java:44) - TemplateLoader.findTemplateSource("spark/spark.spa_en.ftl"): Not found
2021-04-19 13:32:35,597 +0530 [main] DEBUG (_Log4jLoggerFactory.java:44) - TemplateLoader.findTemplateSource("spark/spark.spa.ftl"): Found
2021-04-19 13:32:35,597 +0530 [main] DEBUG (_Log4jLoggerFactory.java:44) - Loading template for "spark/spark.spa.ftl"("en_US", UTF-8, parsed) from "jar:file:/C:/Users/rajku/.m2/repository/com/aventstack/extentreports/4.1.7/extentreports-4.1.7.jar!/com/aventstack/extentreports/view/spark/spark.spa.ftl"
2021-04-19 13:32:35,826 +0530 [main] DEBUG (_Log4jLoggerFactory.java:44) - Couldn't find template in cache for "commons/commons-variables.ftl"("en_US", UTF-8, parsed); will try to load it.
2021-04-19 13:32:35,827 +0530 [main] DEBUG (_Log4jLoggerFactory.java:44) - TemplateLoader.findTemplateSource("commons/commons-variables_en_US.ftl"): Not found
2021-04-19 13:32:35,828 +0530 [main] DEBUG (_Log4jLoggerFactory.java:44) - TemplateLoader.findTemplateSource("commons/commons-variables_en.ftl"): Not found
2021-04-19 13:32:35,829 +0530 [main] DEBUG (_Log4jLoggerFactory.java:44) - TemplateLoader.findTemplateSource("commons/commons-variables.ftl"): Found
2021-04-19 13:32:35,830 +0530 [main] DEBUG (_Log4jLoggerFactory.java:44) - Loading template for "commons/commons-variables.ftl"("en_US", UTF-8, parsed) from "jar:file:/C:/Users/rajku/.m2/repository/com/aventstack/extentreports/4.1.7/extentreports-4.1.7.jar!/com/aventstack/extentreports/view/commons/commons-variables.ftl"
2021-04-19 13:32:35,934 +0530 [main] DEBUG (_Log4jLoggerFactory.java:44) - Couldn't find template in cache for "commons/commons-macros.ftl"("en_US", UTF-8, parsed); will try to load it.
2021-04-19 13:32:35,937 +0530 [main] DEBUG (_Log4jLoggerFactory.java:44) - TemplateLoader.findTemplateSource("commons/commons-macros_en_US.ftl"): Not found
2021-04-19 13:32:35,939 +0530 [main] DEBUG (_Log4jLoggerFactory.java:44) - TemplateLoader.findTemplateSource("commons/commons-macros_en.ftl"): Not found
2021-04-19 13:32:35,941 +0530 [main] DEBUG (_Log4jLoggerFactory.java:44) - TemplateLoader.findTemplateSource("commons/commons-macros.ftl"): Found
2021-04-19 13:32:35,941 +0530 [main] DEBUG (_Log4jLoggerFactory.java:44) - Loading template for "commons/commons-macros.ftl"("en_US", UTF-8, parsed) from "jar:file:/C:/Users/rajku/.m2/repository/com/aventstack/extentreports/4.1.7/extentreports-4.1.7.jar!/com/aventstack/extentreports/view/commons/commons-macros.ftl"
2021-04-19 13:32:35,968 +0530 [main] DEBUG (_Log4jLoggerFactory.java:44) - Couldn't find template in cache for "spark/macros/attributes.ftl"("en_US", UTF-8, parsed); will try to load it.
2021-04-19 13:32:35,971 +0530 [main] DEBUG (_Log4jLoggerFactory.java:44) - TemplateLoader.findTemplateSource("spark/macros/attributes_en_US.ftl"): Not found
2021-04-19 13:32:35,975 +0530 [main] DEBUG (_Log4jLoggerFactory.java:44) - TemplateLoader.findTemplateSource("spark/macros/attributes_en.ftl"): Not found
2021-04-19 13:32:35,975 +0530 [main] DEBUG (_Log4jLoggerFactory.java:44) - TemplateLoader.findTemplateSource("spark/macros/attributes.ftl"): Found
2021-04-19 13:32:35,976 +0530 [main] DEBUG (_Log4jLoggerFactory.java:44) - Loading template for "spark/macros/attributes.ftl"("en_US", UTF-8, parsed) from "jar:file:/C:/Users/rajku/.m2/repository/com/aventstack/extentreports/4.1.7/extentreports-4.1.7.jar!/com/aventstack/extentreports/view/spark/macros/attributes.ftl"
2021-04-19 13:32:35,981 +0530 [main] DEBUG (_Log4jLoggerFactory.java:44) - Couldn't find template in cache for "spark/macros/log.ftl"("en_US", UTF-8, parsed); will try to load it.
2021-04-19 13:32:35,981 +0530 [main] DEBUG (_Log4jLoggerFactory.java:44) - TemplateLoader.findTemplateSource("spark/macros/log_en_US.ftl"): Not found
2021-04-19 13:32:35,982 +0530 [main] DEBUG (_Log4jLoggerFactory.java:44) - TemplateLoader.findTemplateSource("spark/macros/log_en.ftl"): Not found
2021-04-19 13:32:35,983 +0530 [main] DEBUG (_Log4jLoggerFactory.java:44) - TemplateLoader.findTemplateSource("spark/macros/log.ftl"): Found
2021-04-19 13:32:35,984 +0530 [main] DEBUG (_Log4jLoggerFactory.java:44) - Loading template for "spark/macros/log.ftl"("en_US", UTF-8, parsed) from "jar:file:/C:/Users/rajku/.m2/repository/com/aventstack/extentreports/4.1.7/extentreports-4.1.7.jar!/com/aventstack/extentreports/view/spark/macros/log.ftl"
2021-04-19 13:32:35,989 +0530 [main] DEBUG (_Log4jLoggerFactory.java:44) - Couldn't find template in cache for "spark/macros/recurse_nodes.ftl"("en_US", UTF-8, parsed); will try to load it.
2021-04-19 13:32:35,990 +0530 [main] DEBUG (_Log4jLoggerFactory.java:44) - TemplateLoader.findTemplateSource("spark/macros/recurse_nodes_en_US.ftl"): Not found
2021-04-19 13:32:35,991 +0530 [main] DEBUG (_Log4jLoggerFactory.java:44) - TemplateLoader.findTemplateSource("spark/macros/recurse_nodes_en.ftl"): Not found
2021-04-19 13:32:35,992 +0530 [main] DEBUG (_Log4jLoggerFactory.java:44) - TemplateLoader.findTemplateSource("spark/macros/recurse_nodes.ftl"): Found
2021-04-19 13:32:35,993 +0530 [main] DEBUG (_Log4jLoggerFactory.java:44) - Loading template for "spark/macros/recurse_nodes.ftl"("en_US", UTF-8, parsed) from "jar:file:/C:/Users/rajku/.m2/repository/com/aventstack/extentreports/4.1.7/extentreports-4.1.7.jar!/com/aventstack/extentreports/view/spark/macros/recurse_nodes.ftl"
2021-04-19 13:32:36,000 +0530 [main] DEBUG (_Log4jLoggerFactory.java:44) - "spark/macros/log.ftl"("en_US", UTF-8, parsed) cached copy not yet stale; using cached.
2021-04-19 13:32:36,013 +0530 [main] DEBUG (_Log4jLoggerFactory.java:44) - Couldn't find template in cache for "spark/partials/head.ftl"("en_US", UTF-8, parsed); will try to load it.
2021-04-19 13:32:36,014 +0530 [main] DEBUG (_Log4jLoggerFactory.java:44) - TemplateLoader.findTemplateSource("spark/partials/head_en_US.ftl"): Not found
2021-04-19 13:32:36,015 +0530 [main] DEBUG (_Log4jLoggerFactory.java:44) - TemplateLoader.findTemplateSource("spark/partials/head_en.ftl"): Not found
2021-04-19 13:32:36,016 +0530 [main] DEBUG (_Log4jLoggerFactory.java:44) - TemplateLoader.findTemplateSource("spark/partials/head.ftl"): Found
2021-04-19 13:32:36,016 +0530 [main] DEBUG (_Log4jLoggerFactory.java:44) - Loading template for "spark/partials/head.ftl"("en_US", UTF-8, parsed) from "jar:file:/C:/Users/rajku/.m2/repository/com/aventstack/extentreports/4.1.7/extentreports-4.1.7.jar!/com/aventstack/extentreports/view/spark/partials/head.ftl"
2021-04-19 13:32:36,023 +0530 [main] DEBUG (_Log4jLoggerFactory.java:44) - Couldn't find template in cache for "commons/commons-inject-css.ftl"("en_US", UTF-8, parsed); will try to load it.
2021-04-19 13:32:36,024 +0530 [main] DEBUG (_Log4jLoggerFactory.java:44) - TemplateLoader.findTemplateSource("commons/commons-inject-css_en_US.ftl"): Not found
2021-04-19 13:32:36,026 +0530 [main] DEBUG (_Log4jLoggerFactory.java:44) - TemplateLoader.findTemplateSource("commons/commons-inject-css_en.ftl"): Not found
2021-04-19 13:32:36,027 +0530 [main] DEBUG (_Log4jLoggerFactory.java:44) - TemplateLoader.findTemplateSource("commons/commons-inject-css.ftl"): Found
2021-04-19 13:32:36,028 +0530 [main] DEBUG (_Log4jLoggerFactory.java:44) - Loading template for "commons/commons-inject-css.ftl"("en_US", UTF-8, parsed) from "jar:file:/C:/Users/rajku/.m2/repository/com/aventstack/extentreports/4.1.7/extentreports-4.1.7.jar!/com/aventstack/extentreports/view/commons/commons-inject-css.ftl"
2021-04-19 13:32:36,030 +0530 [main] DEBUG (_Log4jLoggerFactory.java:44) - Couldn't find template in cache for "spark/partials/navbar.ftl"("en_US", UTF-8, parsed); will try to load it.
2021-04-19 13:32:36,032 +0530 [main] DEBUG (_Log4jLoggerFactory.java:44) - TemplateLoader.findTemplateSource("spark/partials/navbar_en_US.ftl"): Not found
2021-04-19 13:32:36,034 +0530 [main] DEBUG (_Log4jLoggerFactory.java:44) - TemplateLoader.findTemplateSource("spark/partials/navbar_en.ftl"): Not found
2021-04-19 13:32:36,035 +0530 [main] DEBUG (_Log4jLoggerFactory.java:44) - TemplateLoader.findTemplateSource("spark/partials/navbar.ftl"): Found
2021-04-19 13:32:36,035 +0530 [main] DEBUG (_Log4jLoggerFactory.java:44) - Loading template for "spark/partials/navbar.ftl"("en_US", UTF-8, parsed) from "jar:file:/C:/Users/rajku/.m2/repository/com/aventstack/extentreports/4.1.7/extentreports-4.1.7.jar!/com/aventstack/extentreports/view/spark/partials/navbar.ftl"
2021-04-19 13:32:36,061 +0530 [main] DEBUG (_Log4jLoggerFactory.java:44) - Couldn't find template in cache for "spark/partials/sidenav.ftl"("en_US", UTF-8, parsed); will try to load it.
2021-04-19 13:32:36,062 +0530 [main] DEBUG (_Log4jLoggerFactory.java:44) - TemplateLoader.findTemplateSource("spark/partials/sidenav_en_US.ftl"): Not found
2021-04-19 13:32:36,063 +0530 [main] DEBUG (_Log4jLoggerFactory.java:44) - TemplateLoader.findTemplateSource("spark/partials/sidenav_en.ftl"): Not found
2021-04-19 13:32:36,064 +0530 [main] DEBUG (_Log4jLoggerFactory.java:44) - TemplateLoader.findTemplateSource("spark/partials/sidenav.ftl"): Found
2021-04-19 13:32:36,075 +0530 [main] DEBUG (_Log4jLoggerFactory.java:44) - Loading template for "spark/partials/sidenav.ftl"("en_US", UTF-8, parsed) from "jar:file:/C:/Users/rajku/.m2/repository/com/aventstack/extentreports/4.1.7/extentreports-4.1.7.jar!/com/aventstack/extentreports/view/spark/partials/sidenav.ftl"
2021-04-19 13:32:36,079 +0530 [main] DEBUG (_Log4jLoggerFactory.java:44) - Couldn't find template in cache for "spark/partials/test.ftl"("en_US", UTF-8, parsed); will try to load it.
2021-04-19 13:32:36,080 +0530 [main] DEBUG (_Log4jLoggerFactory.java:44) - TemplateLoader.findTemplateSource("spark/partials/test_en_US.ftl"): Not found
2021-04-19 13:32:36,082 +0530 [main] DEBUG (_Log4jLoggerFactory.java:44) - TemplateLoader.findTemplateSource("spark/partials/test_en.ftl"): Not found
2021-04-19 13:32:36,085 +0530 [main] DEBUG (_Log4jLoggerFactory.java:44) - TemplateLoader.findTemplateSource("spark/partials/test.ftl"): Found
2021-04-19 13:32:36,087 +0530 [main] DEBUG (_Log4jLoggerFactory.java:44) - Loading template for "spark/partials/test.ftl"("en_US", UTF-8, parsed) from "jar:file:/C:/Users/rajku/.m2/repository/com/aventstack/extentreports/4.1.7/extentreports-4.1.7.jar!/com/aventstack/extentreports/view/spark/partials/test.ftl"
2021-04-19 13:32:36,147 +0530 [main] DEBUG (_Log4jLoggerFactory.java:44) - Couldn't find template in cache for "spark/partials/standard-content.ftl"("en_US", UTF-8, parsed); will try to load it.
2021-04-19 13:32:36,148 +0530 [main] DEBUG (_Log4jLoggerFactory.java:44) - TemplateLoader.findTemplateSource("spark/partials/standard-content_en_US.ftl"): Not found
2021-04-19 13:32:36,150 +0530 [main] DEBUG (_Log4jLoggerFactory.java:44) - TemplateLoader.findTemplateSource("spark/partials/standard-content_en.ftl"): Not found
2021-04-19 13:32:36,150 +0530 [main] DEBUG (_Log4jLoggerFactory.java:44) - TemplateLoader.findTemplateSource("spark/partials/standard-content.ftl"): Found
2021-04-19 13:32:36,151 +0530 [main] DEBUG (_Log4jLoggerFactory.java:44) - Loading template for "spark/partials/standard-content.ftl"("en_US", UTF-8, parsed) from "jar:file:/C:/Users/rajku/.m2/repository/com/aventstack/extentreports/4.1.7/extentreports-4.1.7.jar!/com/aventstack/extentreports/view/spark/partials/standard-content.ftl"
2021-04-19 13:32:36,166 +0530 [main] DEBUG (_Log4jLoggerFactory.java:44) - "spark/partials/standard-content.ftl"("en_US", UTF-8, parsed) cached copy not yet stale; using cached.
2021-04-19 13:32:36,167 +0530 [main] DEBUG (_Log4jLoggerFactory.java:44) - "spark/partials/standard-content.ftl"("en_US", UTF-8, parsed) cached copy not yet stale; using cached.
2021-04-19 13:32:36,171 +0530 [main] DEBUG (_Log4jLoggerFactory.java:44) - "spark/partials/standard-content.ftl"("en_US", UTF-8, parsed) cached copy not yet stale; using cached.
2021-04-19 13:32:36,176 +0530 [main] DEBUG (_Log4jLoggerFactory.java:44) - "spark/partials/standard-content.ftl"("en_US", UTF-8, parsed) cached copy not yet stale; using cached.
2021-04-19 13:32:36,178 +0530 [main] DEBUG (_Log4jLoggerFactory.java:44) - "spark/partials/standard-content.ftl"("en_US", UTF-8, parsed) cached copy not yet stale; using cached.
2021-04-19 13:32:36,180 +0530 [main] DEBUG (_Log4jLoggerFactory.java:44) - "spark/partials/standard-content.ftl"("en_US", UTF-8, parsed) cached copy not yet stale; using cached.
2021-04-19 13:32:36,183 +0530 [main] DEBUG (_Log4jLoggerFactory.java:44) - "spark/partials/standard-content.ftl"("en_US", UTF-8, parsed) cached copy not yet stale; using cached.
2021-04-19 13:32:36,185 +0530 [main] DEBUG (_Log4jLoggerFactory.java:44) - "spark/partials/standard-content.ftl"("en_US", UTF-8, parsed) cached copy not yet stale; using cached.
2021-04-19 13:32:36,190 +0530 [main] DEBUG (_Log4jLoggerFactory.java:44) - "spark/partials/standard-content.ftl"("en_US", UTF-8, parsed) cached copy not yet stale; using cached.
2021-04-19 13:32:36,192 +0530 [main] DEBUG (_Log4jLoggerFactory.java:44) - "spark/partials/standard-content.ftl"("en_US", UTF-8, parsed) cached copy not yet stale; using cached.
2021-04-19 13:32:36,193 +0530 [main] DEBUG (_Log4jLoggerFactory.java:44) - "spark/partials/standard-content.ftl"("en_US", UTF-8, parsed) cached copy not yet stale; using cached.
2021-04-19 13:32:36,194 +0530 [main] DEBUG (_Log4jLoggerFactory.java:44) - Couldn't find template in cache for "spark/partials/dashboard.ftl"("en_US", UTF-8, parsed); will try to load it.
2021-04-19 13:32:36,195 +0530 [main] DEBUG (_Log4jLoggerFactory.java:44) - TemplateLoader.findTemplateSource("spark/partials/dashboard_en_US.ftl"): Not found
2021-04-19 13:32:36,196 +0530 [main] DEBUG (_Log4jLoggerFactory.java:44) - TemplateLoader.findTemplateSource("spark/partials/dashboard_en.ftl"): Not found
2021-04-19 13:32:36,197 +0530 [main] DEBUG (_Log4jLoggerFactory.java:44) - TemplateLoader.findTemplateSource("spark/partials/dashboard.ftl"): Found
2021-04-19 13:32:36,197 +0530 [main] DEBUG (_Log4jLoggerFactory.java:44) - Loading template for "spark/partials/dashboard.ftl"("en_US", UTF-8, parsed) from "jar:file:/C:/Users/rajku/.m2/repository/com/aventstack/extentreports/4.1.7/extentreports-4.1.7.jar!/com/aventstack/extentreports/view/spark/partials/dashboard.ftl"
2021-04-19 13:32:36,286 +0530 [main] DEBUG (_Log4jLoggerFactory.java:44) - Couldn't find template in cache for "spark/partials/scripts.ftl"("en_US", UTF-8, parsed); will try to load it.
2021-04-19 13:32:36,289 +0530 [main] DEBUG (_Log4jLoggerFactory.java:44) - TemplateLoader.findTemplateSource("spark/partials/scripts_en_US.ftl"): Not found
2021-04-19 13:32:36,292 +0530 [main] DEBUG (_Log4jLoggerFactory.java:44) - TemplateLoader.findTemplateSource("spark/partials/scripts_en.ftl"): Not found
2021-04-19 13:32:36,292 +0530 [main] DEBUG (_Log4jLoggerFactory.java:44) - TemplateLoader.findTemplateSource("spark/partials/scripts.ftl"): Found
2021-04-19 13:32:36,293 +0530 [main] DEBUG (_Log4jLoggerFactory.java:44) - Loading template for "spark/partials/scripts.ftl"("en_US", UTF-8, parsed) from "jar:file:/C:/Users/rajku/.m2/repository/com/aventstack/extentreports/4.1.7/extentreports-4.1.7.jar!/com/aventstack/extentreports/view/spark/partials/scripts.ftl"
2021-04-19 13:32:36,296 +0530 [main] DEBUG (_Log4jLoggerFactory.java:44) - Couldn't find template in cache for "commons/commons-inject-js.ftl"("en_US", UTF-8, parsed); will try to load it.
2021-04-19 13:32:36,298 +0530 [main] DEBUG (_Log4jLoggerFactory.java:44) - TemplateLoader.findTemplateSource("commons/commons-inject-js_en_US.ftl"): Not found
2021-04-19 13:32:36,300 +0530 [main] DEBUG (_Log4jLoggerFactory.java:44) - TemplateLoader.findTemplateSource("commons/commons-inject-js_en.ftl"): Not found
2021-04-19 13:32:36,300 +0530 [main] DEBUG (_Log4jLoggerFactory.java:44) - TemplateLoader.findTemplateSource("commons/commons-inject-js.ftl"): Found
2021-04-19 13:32:36,301 +0530 [main] DEBUG (_Log4jLoggerFactory.java:44) - Loading template for "commons/commons-inject-js.ftl"("en_US", UTF-8, parsed) from "jar:file:/C:/Users/rajku/.m2/repository/com/aventstack/extentreports/4.1.7/extentreports-4.1.7.jar!/com/aventstack/extentreports/view/commons/commons-inject-js.ftl"
2021-04-19 13:53:20,939 +0530 [main] INFO  (BaseClass.java:58) - Opening the browser
2021-04-19 13:53:20,955 +0530 [main] INFO  (BaseClass.java:59) - Invoking the URL
2021-04-19 13:53:28,247 +0530 [main] INFO  (BaseClass.java:61) - Maximizing the window
2021-04-19 13:53:28,591 +0530 [main] INFO  (LoginPageTest.java:20) - click on SignIn Button
2021-04-19 13:53:31,368 +0530 [main] INFO  (LoginPageTest.java:22) - entering USERNAME and PASSWORD
2021-04-19 13:53:33,910 +0530 [main] INFO  (LoginPageTest.java:25) - Login Suucess
2021-04-19 13:53:35,387 +0530 [main] INFO  (BaseClass.java:58) - Opening the browser
2021-04-19 13:53:35,388 +0530 [main] INFO  (BaseClass.java:59) - Invoking the URL
2021-04-19 13:53:43,264 +0530 [main] INFO  (BaseClass.java:61) - Maximizing the window
2021-04-19 13:53:43,508 +0530 [main] INFO  (EndToEndTest.java:41) - Searching for a Product
2021-04-19 13:53:45,759 +0530 [main] INFO  (EndToEndTest.java:45) - Click on Product for more information
2021-04-19 13:53:48,055 +0530 [main] INFO  (EndToEndTest.java:47) - Select Quantity
2021-04-19 13:53:48,273 +0530 [main] INFO  (EndToEndTest.java:49) - Select Size
2021-04-19 13:53:48,491 +0530 [main] INFO  (EndToEndTest.java:51) - Click on Add to Cart Button
2021-04-19 13:53:48,621 +0530 [main] INFO  (EndToEndTest.java:53) - Click on Proceed to checkout Button
2021-04-19 13:53:52,810 +0530 [main] INFO  (EndToEndTest.java:55) - Click on Proceed to checkout Button
2021-04-19 13:53:57,827 +0530 [main] INFO  (EndToEndTest.java:58) - enter USERNAME and PASSWORD to signin
2021-04-19 13:54:01,230 +0530 [main] INFO  (EndToEndTest.java:61) - Click on Proceed to checkout Button
2021-04-19 13:54:02,810 +0530 [main] INFO  (EndToEndTest.java:63) - Click on Terms and Conditions
2021-04-19 13:54:02,947 +0530 [main] INFO  (EndToEndTest.java:65) - Click on Proceed to checkout Button
2021-04-19 13:54:04,430 +0530 [main] INFO  (EndToEndTest.java:67) - Click on Bank Wire Option
2021-04-19 13:54:05,808 +0530 [main] INFO  (EndToEndTest.java:69) - Click on Confirm my order
2021-04-19 13:54:08,646 +0530 [main] INFO  (EndToEndTest.java:73) - Your Order complete successfully
2021-04-19 13:54:10,258 +0530 [main] INFO  (BaseClass.java:58) - Opening the browser
2021-04-19 13:54:10,259 +0530 [main] INFO  (BaseClass.java:59) - Invoking the URL
2021-04-19 13:54:18,776 +0530 [main] INFO  (BaseClass.java:61) - Maximizing the window
2021-04-19 13:54:21,162 +0530 [main] INFO  (BaseClass.java:58) - Opening the browser
2021-04-19 13:54:21,163 +0530 [main] INFO  (BaseClass.java:59) - Invoking the URL
2021-04-19 13:54:28,226 +0530 [main] INFO  (BaseClass.java:61) - Maximizing the window
2021-04-19 13:54:30,359 +0530 [main] INFO  (BaseClass.java:58) - Opening the browser
2021-04-19 13:54:30,360 +0530 [main] INFO  (BaseClass.java:59) - Invoking the URL
2021-04-19 13:54:38,287 +0530 [main] INFO  (BaseClass.java:61) - Maximizing the window
2021-04-19 13:54:46,923 +0530 [main] INFO  (BaseClass.java:58) - Opening the browser
2021-04-19 13:54:46,924 +0530 [main] INFO  (BaseClass.java:59) - Invoking the URL
2021-04-19 13:54:55,737 +0530 [main] INFO  (BaseClass.java:61) - Maximizing the window
2021-04-19 13:55:13,619 +0530 [main] INFO  (BaseClass.java:58) - Opening the browser
2021-04-19 13:55:13,619 +0530 [main] INFO  (BaseClass.java:59) - Invoking the URL
2021-04-19 13:55:21,509 +0530 [main] INFO  (BaseClass.java:61) - Maximizing the window
2021-04-19 13:55:35,686 +0530 [main] INFO  (BaseClass.java:58) - Opening the browser
2021-04-19 13:55:35,686 +0530 [main] INFO  (BaseClass.java:59) - Invoking the URL
2021-04-19 13:55:44,447 +0530 [main] INFO  (BaseClass.java:61) - Maximizing the window
2021-04-19 13:56:03,590 +0530 [main] INFO  (BaseClass.java:58) - Opening the browser
2021-04-19 13:56:03,591 +0530 [main] INFO  (BaseClass.java:59) - Invoking the URL
2021-04-19 13:56:10,717 +0530 [main] INFO  (BaseClass.java:61) - Maximizing the window
2021-04-19 13:56:17,492 +0530 [main] INFO  (BaseClass.java:58) - Opening the browser
2021-04-19 13:56:17,492 +0530 [main] INFO  (BaseClass.java:59) - Invoking the URL
2021-04-19 13:56:26,418 +0530 [main] INFO  (BaseClass.java:61) - Maximizing the window
2021-04-19 13:56:37,508 +0530 [main] INFO  (BaseClass.java:58) - Opening the browser
2021-04-19 13:56:37,509 +0530 [main] INFO  (BaseClass.java:59) - Invoking the URL
2021-04-19 13:56:45,328 +0530 [main] INFO  (BaseClass.java:61) - Maximizing the window
2021-04-19 13:56:57,557 +0530 [main] INFO  (BaseClass.java:58) - Opening the browser
2021-04-19 13:56:57,558 +0530 [main] INFO  (BaseClass.java:59) - Invoking the URL
2021-04-19 13:57:07,641 +0530 [main] INFO  (BaseClass.java:61) - Maximizing the window
2021-04-19 13:57:14,778 +0530 [main] DEBUG (_Log4jLoggerFactory.java:44) - Couldn't find template in cache for "spark/spark.spa.ftl"("en_US", UTF-8, parsed); will try to load it.
2021-04-19 13:57:14,784 +0530 [main] DEBUG (_Log4jLoggerFactory.java:44) - TemplateLoader.findTemplateSource("spark/spark.spa_en_US.ftl"): Not found
2021-04-19 13:57:14,787 +0530 [main] DEBUG (_Log4jLoggerFactory.java:44) - TemplateLoader.findTemplateSource("spark/spark.spa_en.ftl"): Not found
2021-04-19 13:57:14,788 +0530 [main] DEBUG (_Log4jLoggerFactory.java:44) - TemplateLoader.findTemplateSource("spark/spark.spa.ftl"): Found
2021-04-19 13:57:14,789 +0530 [main] DEBUG (_Log4jLoggerFactory.java:44) - Loading template for "spark/spark.spa.ftl"("en_US", UTF-8, parsed) from "jar:file:/C:/Users/rajku/.m2/repository/com/aventstack/extentreports/4.1.7/extentreports-4.1.7.jar!/com/aventstack/extentreports/view/spark/spark.spa.ftl"
2021-04-19 13:57:15,031 +0530 [main] DEBUG (_Log4jLoggerFactory.java:44) - Couldn't find template in cache for "commons/commons-variables.ftl"("en_US", UTF-8, parsed); will try to load it.
2021-04-19 13:57:15,032 +0530 [main] DEBUG (_Log4jLoggerFactory.java:44) - TemplateLoader.findTemplateSource("commons/commons-variables_en_US.ftl"): Not found
2021-04-19 13:57:15,033 +0530 [main] DEBUG (_Log4jLoggerFactory.java:44) - TemplateLoader.findTemplateSource("commons/commons-variables_en.ftl"): Not found
2021-04-19 13:57:15,034 +0530 [main] DEBUG (_Log4jLoggerFactory.java:44) - TemplateLoader.findTemplateSource("commons/commons-variables.ftl"): Found
2021-04-19 13:57:15,034 +0530 [main] DEBUG (_Log4jLoggerFactory.java:44) - Loading template for "commons/commons-variables.ftl"("en_US", UTF-8, parsed) from "jar:file:/C:/Users/rajku/.m2/repository/com/aventstack/extentreports/4.1.7/extentreports-4.1.7.jar!/com/aventstack/extentreports/view/commons/commons-variables.ftl"
2021-04-19 13:57:15,172 +0530 [main] DEBUG (_Log4jLoggerFactory.java:44) - Couldn't find template in cache for "commons/commons-macros.ftl"("en_US", UTF-8, parsed); will try to load it.
2021-04-19 13:57:15,174 +0530 [main] DEBUG (_Log4jLoggerFactory.java:44) - TemplateLoader.findTemplateSource("commons/commons-macros_en_US.ftl"): Not found
2021-04-19 13:57:15,175 +0530 [main] DEBUG (_Log4jLoggerFactory.java:44) - TemplateLoader.findTemplateSource("commons/commons-macros_en.ftl"): Not found
2021-04-19 13:57:15,176 +0530 [main] DEBUG (_Log4jLoggerFactory.java:44) - TemplateLoader.findTemplateSource("commons/commons-macros.ftl"): Found
2021-04-19 13:57:15,176 +0530 [main] DEBUG (_Log4jLoggerFactory.java:44) - Loading template for "commons/commons-macros.ftl"("en_US", UTF-8, parsed) from "jar:file:/C:/Users/rajku/.m2/repository/com/aventstack/extentreports/4.1.7/extentreports-4.1.7.jar!/com/aventstack/extentreports/view/commons/commons-macros.ftl"
2021-04-19 13:57:15,203 +0530 [main] DEBUG (_Log4jLoggerFactory.java:44) - Couldn't find template in cache for "spark/macros/attributes.ftl"("en_US", UTF-8, parsed); will try to load it.
2021-04-19 13:57:15,207 +0530 [main] DEBUG (_Log4jLoggerFactory.java:44) - TemplateLoader.findTemplateSource("spark/macros/attributes_en_US.ftl"): Not found
2021-04-19 13:57:15,208 +0530 [main] DEBUG (_Log4jLoggerFactory.java:44) - TemplateLoader.findTemplateSource("spark/macros/attributes_en.ftl"): Not found
2021-04-19 13:57:15,209 +0530 [main] DEBUG (_Log4jLoggerFactory.java:44) - TemplateLoader.findTemplateSource("spark/macros/attributes.ftl"): Found
2021-04-19 13:57:15,210 +0530 [main] DEBUG (_Log4jLoggerFactory.java:44) - Loading template for "spark/macros/attributes.ftl"("en_US", UTF-8, parsed) from "jar:file:/C:/Users/rajku/.m2/repository/com/aventstack/extentreports/4.1.7/extentreports-4.1.7.jar!/com/aventstack/extentreports/view/spark/macros/attributes.ftl"
2021-04-19 13:57:15,215 +0530 [main] DEBUG (_Log4jLoggerFactory.java:44) - Couldn't find template in cache for "spark/macros/log.ftl"("en_US", UTF-8, parsed); will try to load it.
2021-04-19 13:57:15,218 +0530 [main] DEBUG (_Log4jLoggerFactory.java:44) - TemplateLoader.findTemplateSource("spark/macros/log_en_US.ftl"): Not found
2021-04-19 13:57:15,219 +0530 [main] DEBUG (_Log4jLoggerFactory.java:44) - TemplateLoader.findTemplateSource("spark/macros/log_en.ftl"): Not found
2021-04-19 13:57:15,233 +0530 [main] DEBUG (_Log4jLoggerFactory.java:44) - TemplateLoader.findTemplateSource("spark/macros/log.ftl"): Found
2021-04-19 13:57:15,234 +0530 [main] DEBUG (_Log4jLoggerFactory.java:44) - Loading template for "spark/macros/log.ftl"("en_US", UTF-8, parsed) from "jar:file:/C:/Users/rajku/.m2/repository/com/aventstack/extentreports/4.1.7/extentreports-4.1.7.jar!/com/aventstack/extentreports/view/spark/macros/log.ftl"
2021-04-19 13:57:15,246 +0530 [main] DEBUG (_Log4jLoggerFactory.java:44) - Couldn't find template in cache for "spark/macros/recurse_nodes.ftl"("en_US", UTF-8, parsed); will try to load it.
2021-04-19 13:57:15,247 +0530 [main] DEBUG (_Log4jLoggerFactory.java:44) - TemplateLoader.findTemplateSource("spark/macros/recurse_nodes_en_US.ftl"): Not found
2021-04-19 13:57:15,250 +0530 [main] DEBUG (_Log4jLoggerFactory.java:44) - TemplateLoader.findTemplateSource("spark/macros/recurse_nodes_en.ftl"): Not found
2021-04-19 13:57:15,251 +0530 [main] DEBUG (_Log4jLoggerFactory.java:44) - TemplateLoader.findTemplateSource("spark/macros/recurse_nodes.ftl"): Found
2021-04-19 13:57:15,252 +0530 [main] DEBUG (_Log4jLoggerFactory.java:44) - Loading template for "spark/macros/recurse_nodes.ftl"("en_US", UTF-8, parsed) from "jar:file:/C:/Users/rajku/.m2/repository/com/aventstack/extentreports/4.1.7/extentreports-4.1.7.jar!/com/aventstack/extentreports/view/spark/macros/recurse_nodes.ftl"
2021-04-19 13:57:15,258 +0530 [main] DEBUG (_Log4jLoggerFactory.java:44) - "spark/macros/log.ftl"("en_US", UTF-8, parsed) cached copy not yet stale; using cached.
2021-04-19 13:57:15,271 +0530 [main] DEBUG (_Log4jLoggerFactory.java:44) - Couldn't find template in cache for "spark/partials/head.ftl"("en_US", UTF-8, parsed); will try to load it.
2021-04-19 13:57:15,275 +0530 [main] DEBUG (_Log4jLoggerFactory.java:44) - TemplateLoader.findTemplateSource("spark/partials/head_en_US.ftl"): Not found
2021-04-19 13:57:15,276 +0530 [main] DEBUG (_Log4jLoggerFactory.java:44) - TemplateLoader.findTemplateSource("spark/partials/head_en.ftl"): Not found
2021-04-19 13:57:15,277 +0530 [main] DEBUG (_Log4jLoggerFactory.java:44) - TemplateLoader.findTemplateSource("spark/partials/head.ftl"): Found
2021-04-19 13:57:15,277 +0530 [main] DEBUG (_Log4jLoggerFactory.java:44) - Loading template for "spark/partials/head.ftl"("en_US", UTF-8, parsed) from "jar:file:/C:/Users/rajku/.m2/repository/com/aventstack/extentreports/4.1.7/extentreports-4.1.7.jar!/com/aventstack/extentreports/view/spark/partials/head.ftl"
2021-04-19 13:57:15,285 +0530 [main] DEBUG (_Log4jLoggerFactory.java:44) - Couldn't find template in cache for "commons/commons-inject-css.ftl"("en_US", UTF-8, parsed); will try to load it.
2021-04-19 13:57:15,289 +0530 [main] DEBUG (_Log4jLoggerFactory.java:44) - TemplateLoader.findTemplateSource("commons/commons-inject-css_en_US.ftl"): Not found
2021-04-19 13:57:15,292 +0530 [main] DEBUG (_Log4jLoggerFactory.java:44) - TemplateLoader.findTemplateSource("commons/commons-inject-css_en.ftl"): Not found
2021-04-19 13:57:15,294 +0530 [main] DEBUG (_Log4jLoggerFactory.java:44) - TemplateLoader.findTemplateSource("commons/commons-inject-css.ftl"): Found
2021-04-19 13:57:15,295 +0530 [main] DEBUG (_Log4jLoggerFactory.java:44) - Loading template for "commons/commons-inject-css.ftl"("en_US", UTF-8, parsed) from "jar:file:/C:/Users/rajku/.m2/repository/com/aventstack/extentreports/4.1.7/extentreports-4.1.7.jar!/com/aventstack/extentreports/view/commons/commons-inject-css.ftl"
2021-04-19 13:57:15,298 +0530 [main] DEBUG (_Log4jLoggerFactory.java:44) - Couldn't find template in cache for "spark/partials/navbar.ftl"("en_US", UTF-8, parsed); will try to load it.
2021-04-19 13:57:15,300 +0530 [main] DEBUG (_Log4jLoggerFactory.java:44) - TemplateLoader.findTemplateSource("spark/partials/navbar_en_US.ftl"): Not found
2021-04-19 13:57:15,303 +0530 [main] DEBUG (_Log4jLoggerFactory.java:44) - TemplateLoader.findTemplateSource("spark/partials/navbar_en.ftl"): Not found
2021-04-19 13:57:15,307 +0530 [main] DEBUG (_Log4jLoggerFactory.java:44) - TemplateLoader.findTemplateSource("spark/partials/navbar.ftl"): Found
2021-04-19 13:57:15,309 +0530 [main] DEBUG (_Log4jLoggerFactory.java:44) - Loading template for "spark/partials/navbar.ftl"("en_US", UTF-8, parsed) from "jar:file:/C:/Users/rajku/.m2/repository/com/aventstack/extentreports/4.1.7/extentreports-4.1.7.jar!/com/aventstack/extentreports/view/spark/partials/navbar.ftl"
2021-04-19 13:57:15,336 +0530 [main] DEBUG (_Log4jLoggerFactory.java:44) - Couldn't find template in cache for "spark/partials/sidenav.ftl"("en_US", UTF-8, parsed); will try to load it.
2021-04-19 13:57:15,338 +0530 [main] DEBUG (_Log4jLoggerFactory.java:44) - TemplateLoader.findTemplateSource("spark/partials/sidenav_en_US.ftl"): Not found
2021-04-19 13:57:15,341 +0530 [main] DEBUG (_Log4jLoggerFactory.java:44) - TemplateLoader.findTemplateSource("spark/partials/sidenav_en.ftl"): Not found
2021-04-19 13:57:15,343 +0530 [main] DEBUG (_Log4jLoggerFactory.java:44) - TemplateLoader.findTemplateSource("spark/partials/sidenav.ftl"): Found
2021-04-19 13:57:15,346 +0530 [main] DEBUG (_Log4jLoggerFactory.java:44) - Loading template for "spark/partials/sidenav.ftl"("en_US", UTF-8, parsed) from "jar:file:/C:/Users/rajku/.m2/repository/com/aventstack/extentreports/4.1.7/extentreports-4.1.7.jar!/com/aventstack/extentreports/view/spark/partials/sidenav.ftl"
2021-04-19 13:57:15,353 +0530 [main] DEBUG (_Log4jLoggerFactory.java:44) - Couldn't find template in cache for "spark/partials/test.ftl"("en_US", UTF-8, parsed); will try to load it.
2021-04-19 13:57:15,354 +0530 [main] DEBUG (_Log4jLoggerFactory.java:44) - TemplateLoader.findTemplateSource("spark/partials/test_en_US.ftl"): Not found
2021-04-19 13:57:15,355 +0530 [main] DEBUG (_Log4jLoggerFactory.java:44) - TemplateLoader.findTemplateSource("spark/partials/test_en.ftl"): Not found
2021-04-19 13:57:15,355 +0530 [main] DEBUG (_Log4jLoggerFactory.java:44) - TemplateLoader.findTemplateSource("spark/partials/test.ftl"): Found
2021-04-19 13:57:15,356 +0530 [main] DEBUG (_Log4jLoggerFactory.java:44) - Loading template for "spark/partials/test.ftl"("en_US", UTF-8, parsed) from "jar:file:/C:/Users/rajku/.m2/repository/com/aventstack/extentreports/4.1.7/extentreports-4.1.7.jar!/com/aventstack/extentreports/view/spark/partials/test.ftl"
2021-04-19 13:57:15,427 +0530 [main] DEBUG (_Log4jLoggerFactory.java:44) - Couldn't find template in cache for "spark/partials/standard-content.ftl"("en_US", UTF-8, parsed); will try to load it.
2021-04-19 13:57:15,428 +0530 [main] DEBUG (_Log4jLoggerFactory.java:44) - TemplateLoader.findTemplateSource("spark/partials/standard-content_en_US.ftl"): Not found
2021-04-19 13:57:15,429 +0530 [main] DEBUG (_Log4jLoggerFactory.java:44) - TemplateLoader.findTemplateSource("spark/partials/standard-content_en.ftl"): Not found
2021-04-19 13:57:15,432 +0530 [main] DEBUG (_Log4jLoggerFactory.java:44) - TemplateLoader.findTemplateSource("spark/partials/standard-content.ftl"): Found
2021-04-19 13:57:15,434 +0530 [main] DEBUG (_Log4jLoggerFactory.java:44) - Loading template for "spark/partials/standard-content.ftl"("en_US", UTF-8, parsed) from "jar:file:/C:/Users/rajku/.m2/repository/com/aventstack/extentreports/4.1.7/extentreports-4.1.7.jar!/com/aventstack/extentreports/view/spark/partials/standard-content.ftl"
2021-04-19 13:57:15,447 +0530 [main] DEBUG (_Log4jLoggerFactory.java:44) - "spark/partials/standard-content.ftl"("en_US", UTF-8, parsed) cached copy not yet stale; using cached.
2021-04-19 13:57:15,451 +0530 [main] DEBUG (_Log4jLoggerFactory.java:44) - "spark/partials/standard-content.ftl"("en_US", UTF-8, parsed) cached copy not yet stale; using cached.
2021-04-19 13:57:15,461 +0530 [main] DEBUG (_Log4jLoggerFactory.java:44) - "spark/partials/standard-content.ftl"("en_US", UTF-8, parsed) cached copy not yet stale; using cached.
2021-04-19 13:57:15,465 +0530 [main] DEBUG (_Log4jLoggerFactory.java:44) - "spark/partials/standard-content.ftl"("en_US", UTF-8, parsed) cached copy not yet stale; using cached.
2021-04-19 13:57:15,470 +0530 [main] DEBUG (_Log4jLoggerFactory.java:44) - "spark/partials/standard-content.ftl"("en_US", UTF-8, parsed) cached copy not yet stale; using cached.
2021-04-19 13:57:15,475 +0530 [main] DEBUG (_Log4jLoggerFactory.java:44) - "spark/partials/standard-content.ftl"("en_US", UTF-8, parsed) cached copy not yet stale; using cached.
2021-04-19 13:57:15,478 +0530 [main] DEBUG (_Log4jLoggerFactory.java:44) - "spark/partials/standard-content.ftl"("en_US", UTF-8, parsed) cached copy not yet stale; using cached.
2021-04-19 13:57:15,492 +0530 [main] DEBUG (_Log4jLoggerFactory.java:44) - "spark/partials/standard-content.ftl"("en_US", UTF-8, parsed) cached copy not yet stale; using cached.
2021-04-19 13:57:15,494 +0530 [main] DEBUG (_Log4jLoggerFactory.java:44) - "spark/partials/standard-content.ftl"("en_US", UTF-8, parsed) cached copy not yet stale; using cached.
2021-04-19 13:57:15,495 +0530 [main] DEBUG (_Log4jLoggerFactory.java:44) - "spark/partials/standard-content.ftl"("en_US", UTF-8, parsed) cached copy not yet stale; using cached.
2021-04-19 13:57:15,497 +0530 [main] DEBUG (_Log4jLoggerFactory.java:44) - "spark/partials/standard-content.ftl"("en_US", UTF-8, parsed) cached copy not yet stale; using cached.
2021-04-19 13:57:15,500 +0530 [main] DEBUG (_Log4jLoggerFactory.java:44) - Couldn't find template in cache for "spark/partials/dashboard.ftl"("en_US", UTF-8, parsed); will try to load it.
2021-04-19 13:57:15,501 +0530 [main] DEBUG (_Log4jLoggerFactory.java:44) - TemplateLoader.findTemplateSource("spark/partials/dashboard_en_US.ftl"): Not found
2021-04-19 13:57:15,502 +0530 [main] DEBUG (_Log4jLoggerFactory.java:44) - TemplateLoader.findTemplateSource("spark/partials/dashboard_en.ftl"): Not found
2021-04-19 13:57:15,503 +0530 [main] DEBUG (_Log4jLoggerFactory.java:44) - TemplateLoader.findTemplateSource("spark/partials/dashboard.ftl"): Found
2021-04-19 13:57:15,503 +0530 [main] DEBUG (_Log4jLoggerFactory.java:44) - Loading template for "spark/partials/dashboard.ftl"("en_US", UTF-8, parsed) from "jar:file:/C:/Users/rajku/.m2/repository/com/aventstack/extentreports/4.1.7/extentreports-4.1.7.jar!/com/aventstack/extentreports/view/spark/partials/dashboard.ftl"
2021-04-19 13:57:15,609 +0530 [main] DEBUG (_Log4jLoggerFactory.java:44) - Couldn't find template in cache for "spark/partials/scripts.ftl"("en_US", UTF-8, parsed); will try to load it.
2021-04-19 13:57:15,610 +0530 [main] DEBUG (_Log4jLoggerFactory.java:44) - TemplateLoader.findTemplateSource("spark/partials/scripts_en_US.ftl"): Not found
2021-04-19 13:57:15,611 +0530 [main] DEBUG (_Log4jLoggerFactory.java:44) - TemplateLoader.findTemplateSource("spark/partials/scripts_en.ftl"): Not found
2021-04-19 13:57:15,612 +0530 [main] DEBUG (_Log4jLoggerFactory.java:44) - TemplateLoader.findTemplateSource("spark/partials/scripts.ftl"): Found
2021-04-19 13:57:15,613 +0530 [main] DEBUG (_Log4jLoggerFactory.java:44) - Loading template for "spark/partials/scripts.ftl"("en_US", UTF-8, parsed) from "jar:file:/C:/Users/rajku/.m2/repository/com/aventstack/extentreports/4.1.7/extentreports-4.1.7.jar!/com/aventstack/extentreports/view/spark/partials/scripts.ftl"
2021-04-19 13:57:15,626 +0530 [main] DEBUG (_Log4jLoggerFactory.java:44) - Couldn't find template in cache for "commons/commons-inject-js.ftl"("en_US", UTF-8, parsed); will try to load it.
2021-04-19 13:57:15,628 +0530 [main] DEBUG (_Log4jLoggerFactory.java:44) - TemplateLoader.findTemplateSource("commons/commons-inject-js_en_US.ftl"): Not found
2021-04-19 13:57:15,629 +0530 [main] DEBUG (_Log4jLoggerFactory.java:44) - TemplateLoader.findTemplateSource("commons/commons-inject-js_en.ftl"): Not found
2021-04-19 13:57:15,630 +0530 [main] DEBUG (_Log4jLoggerFactory.java:44) - TemplateLoader.findTemplateSource("commons/commons-inject-js.ftl"): Found
2021-04-19 13:57:15,631 +0530 [main] DEBUG (_Log4jLoggerFactory.java:44) - Loading template for "commons/commons-inject-js.ftl"("en_US", UTF-8, parsed) from "jar:file:/C:/Users/rajku/.m2/repository/com/aventstack/extentreports/4.1.7/extentreports-4.1.7.jar!/com/aventstack/extentreports/view/commons/commons-inject-js.ftl"
2021-04-19 13:57:23,567 +0530 [main] INFO  (BaseClass.java:58) - Opening the browser
2021-04-19 13:57:23,568 +0530 [main] INFO  (BaseClass.java:59) - Invoking the URL
2021-04-19 13:57:32,223 +0530 [main] INFO  (BaseClass.java:61) - Maximizing the window
2021-04-19 13:57:32,542 +0530 [main] INFO  (LoginPageTest.java:20) - click on SignIn Button
2021-04-19 13:57:35,060 +0530 [main] INFO  (LoginPageTest.java:22) - entering USERNAME and PASSWORD
2021-04-19 13:57:38,462 +0530 [main] INFO  (LoginPageTest.java:25) - Login Suucess
2021-04-19 13:57:45,181 +0530 [main] INFO  (BaseClass.java:58) - Opening the browser
2021-04-19 13:57:45,182 +0530 [main] INFO  (BaseClass.java:59) - Invoking the URL
2021-04-19 13:57:52,934 +0530 [main] INFO  (BaseClass.java:61) - Maximizing the window
2021-04-19 13:57:53,224 +0530 [main] INFO  (EndToEndTest.java:41) - Searching for a Product
2021-04-19 13:57:57,087 +0530 [main] INFO  (EndToEndTest.java:45) - Click on Product for more information
2021-04-19 13:58:00,695 +0530 [main] INFO  (EndToEndTest.java:47) - Select Quantity
2021-04-19 13:58:00,767 +0530 [main] INFO  (EndToEndTest.java:49) - Select Size
2021-04-19 13:58:00,893 +0530 [main] INFO  (EndToEndTest.java:51) - Click on Add to Cart Button
2021-04-19 13:58:01,185 +0530 [main] INFO  (EndToEndTest.java:53) - Click on Proceed to checkout Button
2021-04-19 13:58:07,203 +0530 [main] INFO  (BaseClass.java:58) - Opening the browser
2021-04-19 13:58:07,203 +0530 [main] INFO  (BaseClass.java:59) - Invoking the URL
2021-04-19 13:58:15,653 +0530 [main] INFO  (BaseClass.java:61) - Maximizing the window
2021-04-19 13:58:15,954 +0530 [main] INFO  (EndToEndTest.java:41) - Searching for a Product
2021-04-19 13:58:18,016 +0530 [main] INFO  (EndToEndTest.java:45) - Click on Product for more information
2021-04-19 13:58:21,166 +0530 [main] INFO  (EndToEndTest.java:47) - Select Quantity
2021-04-19 13:58:21,280 +0530 [main] INFO  (EndToEndTest.java:49) - Select Size
2021-04-19 13:58:21,421 +0530 [main] INFO  (EndToEndTest.java:51) - Click on Add to Cart Button
2021-04-19 13:58:21,817 +0530 [main] INFO  (EndToEndTest.java:53) - Click on Proceed to checkout Button
2021-04-19 13:58:28,367 +0530 [main] INFO  (BaseClass.java:58) - Opening the browser
2021-04-19 13:58:28,368 +0530 [main] INFO  (BaseClass.java:59) - Invoking the URL
2021-04-19 13:58:38,983 +0530 [main] INFO  (BaseClass.java:61) - Maximizing the window
2021-04-19 13:58:45,371 +0530 [main] INFO  (BaseClass.java:58) - Opening the browser
2021-04-19 13:58:45,372 +0530 [main] INFO  (BaseClass.java:59) - Invoking the URL
2021-04-19 13:58:54,252 +0530 [main] INFO  (BaseClass.java:61) - Maximizing the window
2021-04-19 13:59:00,995 +0530 [main] INFO  (BaseClass.java:58) - Opening the browser
2021-04-19 13:59:00,996 +0530 [main] INFO  (BaseClass.java:59) - Invoking the URL
2021-04-19 13:59:08,783 +0530 [main] INFO  (BaseClass.java:61) - Maximizing the window
2021-04-19 13:59:24,397 +0530 [main] INFO  (BaseClass.java:58) - Opening the browser
2021-04-19 13:59:24,401 +0530 [main] INFO  (BaseClass.java:59) - Invoking the URL
2021-04-19 13:59:33,508 +0530 [main] INFO  (BaseClass.java:61) - Maximizing the window
2021-04-19 13:59:57,442 +0530 [main] INFO  (BaseClass.java:58) - Opening the browser
2021-04-19 13:59:57,444 +0530 [main] INFO  (BaseClass.java:59) - Invoking the URL
2021-04-19 14:00:06,275 +0530 [main] INFO  (BaseClass.java:61) - Maximizing the window
2021-04-19 14:00:29,224 +0530 [main] INFO  (BaseClass.java:58) - Opening the browser
2021-04-19 14:00:29,231 +0530 [main] INFO  (BaseClass.java:59) - Invoking the URL
2021-04-19 14:00:37,164 +0530 [main] INFO  (BaseClass.java:61) - Maximizing the window
2021-04-19 14:01:00,708 +0530 [main] INFO  (BaseClass.java:58) - Opening the browser
2021-04-19 14:01:00,710 +0530 [main] INFO  (BaseClass.java:59) - Invoking the URL
2021-04-19 14:01:08,643 +0530 [main] INFO  (BaseClass.java:61) - Maximizing the window
2021-04-19 14:01:32,512 +0530 [main] INFO  (BaseClass.java:58) - Opening the browser
2021-04-19 14:01:32,513 +0530 [main] INFO  (BaseClass.java:59) - Invoking the URL
2021-04-19 14:01:40,379 +0530 [main] INFO  (BaseClass.java:61) - Maximizing the window
2021-04-19 14:02:02,800 +0530 [main] INFO  (BaseClass.java:58) - Opening the browser
2021-04-19 14:02:02,800 +0530 [main] INFO  (BaseClass.java:59) - Invoking the URL
2021-04-19 14:02:10,787 +0530 [main] INFO  (BaseClass.java:61) - Maximizing the window
2021-04-19 14:02:34,787 +0530 [main] INFO  (BaseClass.java:58) - Opening the browser
2021-04-19 14:02:34,788 +0530 [main] INFO  (BaseClass.java:59) - Invoking the URL
2021-04-19 14:02:42,356 +0530 [main] INFO  (BaseClass.java:61) - Maximizing the window
2021-04-19 14:02:56,174 +0530 [main] INFO  (BaseClass.java:58) - Opening the browser
2021-04-19 14:02:56,174 +0530 [main] INFO  (BaseClass.java:59) - Invoking the URL
2021-04-19 14:03:07,402 +0530 [main] INFO  (BaseClass.java:61) - Maximizing the window
2021-04-19 14:03:20,062 +0530 [main] INFO  (BaseClass.java:58) - Opening the browser
2021-04-19 14:03:20,063 +0530 [main] INFO  (BaseClass.java:59) - Invoking the URL
2021-04-19 14:03:30,296 +0530 [main] INFO  (BaseClass.java:61) - Maximizing the window
2021-04-19 14:03:43,684 +0530 [main] INFO  (BaseClass.java:58) - Opening the browser
2021-04-19 14:03:43,685 +0530 [main] INFO  (BaseClass.java:59) - Invoking the URL
2021-04-19 14:03:51,879 +0530 [main] INFO  (BaseClass.java:61) - Maximizing the window
2021-04-19 14:04:06,972 +0530 [main] INFO  (BaseClass.java:58) - Opening the browser
2021-04-19 14:04:06,972 +0530 [main] INFO  (BaseClass.java:59) - Invoking the URL
2021-04-19 14:04:15,718 +0530 [main] INFO  (BaseClass.java:61) - Maximizing the window
2021-04-19 14:04:27,861 +0530 [main] DEBUG (_Log4jLoggerFactory.java:44) - Couldn't find template in cache for "spark/spark.spa.ftl"("en_US", UTF-8, parsed); will try to load it.
2021-04-19 14:04:27,861 +0530 [main] DEBUG (_Log4jLoggerFactory.java:44) - TemplateLoader.findTemplateSource("spark/spark.spa_en_US.ftl"): Not found
2021-04-19 14:04:27,862 +0530 [main] DEBUG (_Log4jLoggerFactory.java:44) - TemplateLoader.findTemplateSource("spark/spark.spa_en.ftl"): Not found
2021-04-19 14:04:27,862 +0530 [main] DEBUG (_Log4jLoggerFactory.java:44) - TemplateLoader.findTemplateSource("spark/spark.spa.ftl"): Found
2021-04-19 14:04:27,864 +0530 [main] DEBUG (_Log4jLoggerFactory.java:44) - Loading template for "spark/spark.spa.ftl"("en_US", UTF-8, parsed) from "jar:file:/C:/Users/rajku/.m2/repository/com/aventstack/extentreports/4.1.7/extentreports-4.1.7.jar!/com/aventstack/extentreports/view/spark/spark.spa.ftl"
2021-04-19 14:04:27,868 +0530 [main] DEBUG (_Log4jLoggerFactory.java:44) - Couldn't find template in cache for "commons/commons-variables.ftl"("en_US", UTF-8, parsed); will try to load it.
2021-04-19 14:04:27,869 +0530 [main] DEBUG (_Log4jLoggerFactory.java:44) - TemplateLoader.findTemplateSource("commons/commons-variables_en_US.ftl"): Not found
2021-04-19 14:04:27,869 +0530 [main] DEBUG (_Log4jLoggerFactory.java:44) - TemplateLoader.findTemplateSource("commons/commons-variables_en.ftl"): Not found
2021-04-19 14:04:27,870 +0530 [main] DEBUG (_Log4jLoggerFactory.java:44) - TemplateLoader.findTemplateSource("commons/commons-variables.ftl"): Found
2021-04-19 14:04:27,870 +0530 [main] DEBUG (_Log4jLoggerFactory.java:44) - Loading template for "commons/commons-variables.ftl"("en_US", UTF-8, parsed) from "jar:file:/C:/Users/rajku/.m2/repository/com/aventstack/extentreports/4.1.7/extentreports-4.1.7.jar!/com/aventstack/extentreports/view/commons/commons-variables.ftl"
2021-04-19 14:04:27,881 +0530 [main] DEBUG (_Log4jLoggerFactory.java:44) - Couldn't find template in cache for "commons/commons-macros.ftl"("en_US", UTF-8, parsed); will try to load it.
2021-04-19 14:04:27,881 +0530 [main] DEBUG (_Log4jLoggerFactory.java:44) - TemplateLoader.findTemplateSource("commons/commons-macros_en_US.ftl"): Not found
2021-04-19 14:04:27,885 +0530 [main] DEBUG (_Log4jLoggerFactory.java:44) - TemplateLoader.findTemplateSource("commons/commons-macros_en.ftl"): Not found
2021-04-19 14:04:27,885 +0530 [main] DEBUG (_Log4jLoggerFactory.java:44) - TemplateLoader.findTemplateSource("commons/commons-macros.ftl"): Found
2021-04-19 14:04:27,885 +0530 [main] DEBUG (_Log4jLoggerFactory.java:44) - Loading template for "commons/commons-macros.ftl"("en_US", UTF-8, parsed) from "jar:file:/C:/Users/rajku/.m2/repository/com/aventstack/extentreports/4.1.7/extentreports-4.1.7.jar!/com/aventstack/extentreports/view/commons/commons-macros.ftl"
2021-04-19 14:04:27,896 +0530 [main] DEBUG (_Log4jLoggerFactory.java:44) - Couldn't find template in cache for "spark/macros/attributes.ftl"("en_US", UTF-8, parsed); will try to load it.
2021-04-19 14:04:27,903 +0530 [main] DEBUG (_Log4jLoggerFactory.java:44) - TemplateLoader.findTemplateSource("spark/macros/attributes_en_US.ftl"): Not found
2021-04-19 14:04:27,904 +0530 [main] DEBUG (_Log4jLoggerFactory.java:44) - TemplateLoader.findTemplateSource("spark/macros/attributes_en.ftl"): Not found
2021-04-19 14:04:27,905 +0530 [main] DEBUG (_Log4jLoggerFactory.java:44) - TemplateLoader.findTemplateSource("spark/macros/attributes.ftl"): Found
2021-04-19 14:04:27,905 +0530 [main] DEBUG (_Log4jLoggerFactory.java:44) - Loading template for "spark/macros/attributes.ftl"("en_US", UTF-8, parsed) from "jar:file:/C:/Users/rajku/.m2/repository/com/aventstack/extentreports/4.1.7/extentreports-4.1.7.jar!/com/aventstack/extentreports/view/spark/macros/attributes.ftl"
2021-04-19 14:04:27,909 +0530 [main] DEBUG (_Log4jLoggerFactory.java:44) - Couldn't find template in cache for "spark/macros/log.ftl"("en_US", UTF-8, parsed); will try to load it.
2021-04-19 14:04:27,911 +0530 [main] DEBUG (_Log4jLoggerFactory.java:44) - TemplateLoader.findTemplateSource("spark/macros/log_en_US.ftl"): Not found
2021-04-19 14:04:27,912 +0530 [main] DEBUG (_Log4jLoggerFactory.java:44) - TemplateLoader.findTemplateSource("spark/macros/log_en.ftl"): Not found
2021-04-19 14:04:27,914 +0530 [main] DEBUG (_Log4jLoggerFactory.java:44) - TemplateLoader.findTemplateSource("spark/macros/log.ftl"): Found
2021-04-19 14:04:27,915 +0530 [main] DEBUG (_Log4jLoggerFactory.java:44) - Loading template for "spark/macros/log.ftl"("en_US", UTF-8, parsed) from "jar:file:/C:/Users/rajku/.m2/repository/com/aventstack/extentreports/4.1.7/extentreports-4.1.7.jar!/com/aventstack/extentreports/view/spark/macros/log.ftl"
2021-04-19 14:04:27,921 +0530 [main] DEBUG (_Log4jLoggerFactory.java:44) - Couldn't find template in cache for "spark/macros/recurse_nodes.ftl"("en_US", UTF-8, parsed); will try to load it.
2021-04-19 14:04:27,922 +0530 [main] DEBUG (_Log4jLoggerFactory.java:44) - TemplateLoader.findTemplateSource("spark/macros/recurse_nodes_en_US.ftl"): Not found
2021-04-19 14:04:27,922 +0530 [main] DEBUG (_Log4jLoggerFactory.java:44) - TemplateLoader.findTemplateSource("spark/macros/recurse_nodes_en.ftl"): Not found
2021-04-19 14:04:27,923 +0530 [main] DEBUG (_Log4jLoggerFactory.java:44) - TemplateLoader.findTemplateSource("spark/macros/recurse_nodes.ftl"): Found
2021-04-19 14:04:27,923 +0530 [main] DEBUG (_Log4jLoggerFactory.java:44) - Loading template for "spark/macros/recurse_nodes.ftl"("en_US", UTF-8, parsed) from "jar:file:/C:/Users/rajku/.m2/repository/com/aventstack/extentreports/4.1.7/extentreports-4.1.7.jar!/com/aventstack/extentreports/view/spark/macros/recurse_nodes.ftl"
2021-04-19 14:04:27,929 +0530 [main] DEBUG (_Log4jLoggerFactory.java:44) - "spark/macros/log.ftl"("en_US", UTF-8, parsed) cached copy not yet stale; using cached.
2021-04-19 14:04:27,930 +0530 [main] DEBUG (_Log4jLoggerFactory.java:44) - Couldn't find template in cache for "spark/partials/head.ftl"("en_US", UTF-8, parsed); will try to load it.
2021-04-19 14:04:27,931 +0530 [main] DEBUG (_Log4jLoggerFactory.java:44) - TemplateLoader.findTemplateSource("spark/partials/head_en_US.ftl"): Not found
2021-04-19 14:04:27,931 +0530 [main] DEBUG (_Log4jLoggerFactory.java:44) - TemplateLoader.findTemplateSource("spark/partials/head_en.ftl"): Not found
2021-04-19 14:04:27,932 +0530 [main] DEBUG (_Log4jLoggerFactory.java:44) - TemplateLoader.findTemplateSource("spark/partials/head.ftl"): Found
2021-04-19 14:04:27,932 +0530 [main] DEBUG (_Log4jLoggerFactory.java:44) - Loading template for "spark/partials/head.ftl"("en_US", UTF-8, parsed) from "jar:file:/C:/Users/rajku/.m2/repository/com/aventstack/extentreports/4.1.7/extentreports-4.1.7.jar!/com/aventstack/extentreports/view/spark/partials/head.ftl"
2021-04-19 14:04:27,936 +0530 [main] DEBUG (_Log4jLoggerFactory.java:44) - Couldn't find template in cache for "commons/commons-inject-css.ftl"("en_US", UTF-8, parsed); will try to load it.
2021-04-19 14:04:27,937 +0530 [main] DEBUG (_Log4jLoggerFactory.java:44) - TemplateLoader.findTemplateSource("commons/commons-inject-css_en_US.ftl"): Not found
2021-04-19 14:04:27,937 +0530 [main] DEBUG (_Log4jLoggerFactory.java:44) - TemplateLoader.findTemplateSource("commons/commons-inject-css_en.ftl"): Not found
2021-04-19 14:04:27,938 +0530 [main] DEBUG (_Log4jLoggerFactory.java:44) - TemplateLoader.findTemplateSource("commons/commons-inject-css.ftl"): Found
2021-04-19 14:04:27,938 +0530 [main] DEBUG (_Log4jLoggerFactory.java:44) - Loading template for "commons/commons-inject-css.ftl"("en_US", UTF-8, parsed) from "jar:file:/C:/Users/rajku/.m2/repository/com/aventstack/extentreports/4.1.7/extentreports-4.1.7.jar!/com/aventstack/extentreports/view/commons/commons-inject-css.ftl"
2021-04-19 14:04:27,941 +0530 [main] DEBUG (_Log4jLoggerFactory.java:44) - Couldn't find template in cache for "spark/partials/navbar.ftl"("en_US", UTF-8, parsed); will try to load it.
2021-04-19 14:04:27,941 +0530 [main] DEBUG (_Log4jLoggerFactory.java:44) - TemplateLoader.findTemplateSource("spark/partials/navbar_en_US.ftl"): Not found
2021-04-19 14:04:27,944 +0530 [main] DEBUG (_Log4jLoggerFactory.java:44) - TemplateLoader.findTemplateSource("spark/partials/navbar_en.ftl"): Not found
2021-04-19 14:04:27,945 +0530 [main] DEBUG (_Log4jLoggerFactory.java:44) - TemplateLoader.findTemplateSource("spark/partials/navbar.ftl"): Found
2021-04-19 14:04:27,946 +0530 [main] DEBUG (_Log4jLoggerFactory.java:44) - Loading template for "spark/partials/navbar.ftl"("en_US", UTF-8, parsed) from "jar:file:/C:/Users/rajku/.m2/repository/com/aventstack/extentreports/4.1.7/extentreports-4.1.7.jar!/com/aventstack/extentreports/view/spark/partials/navbar.ftl"
2021-04-19 14:04:27,953 +0530 [main] DEBUG (_Log4jLoggerFactory.java:44) - Couldn't find template in cache for "spark/partials/sidenav.ftl"("en_US", UTF-8, parsed); will try to load it.
2021-04-19 14:04:27,953 +0530 [main] DEBUG (_Log4jLoggerFactory.java:44) - TemplateLoader.findTemplateSource("spark/partials/sidenav_en_US.ftl"): Not found
2021-04-19 14:04:27,954 +0530 [main] DEBUG (_Log4jLoggerFactory.java:44) - TemplateLoader.findTemplateSource("spark/partials/sidenav_en.ftl"): Not found
2021-04-19 14:04:27,955 +0530 [main] DEBUG (_Log4jLoggerFactory.java:44) - TemplateLoader.findTemplateSource("spark/partials/sidenav.ftl"): Found
2021-04-19 14:04:27,955 +0530 [main] DEBUG (_Log4jLoggerFactory.java:44) - Loading template for "spark/partials/sidenav.ftl"("en_US", UTF-8, parsed) from "jar:file:/C:/Users/rajku/.m2/repository/com/aventstack/extentreports/4.1.7/extentreports-4.1.7.jar!/com/aventstack/extentreports/view/spark/partials/sidenav.ftl"
2021-04-19 14:04:27,961 +0530 [main] DEBUG (_Log4jLoggerFactory.java:44) - Couldn't find template in cache for "spark/partials/test.ftl"("en_US", UTF-8, parsed); will try to load it.
2021-04-19 14:04:27,962 +0530 [main] DEBUG (_Log4jLoggerFactory.java:44) - TemplateLoader.findTemplateSource("spark/partials/test_en_US.ftl"): Not found
2021-04-19 14:04:27,963 +0530 [main] DEBUG (_Log4jLoggerFactory.java:44) - TemplateLoader.findTemplateSource("spark/partials/test_en.ftl"): Not found
2021-04-19 14:04:27,963 +0530 [main] DEBUG (_Log4jLoggerFactory.java:44) - TemplateLoader.findTemplateSource("spark/partials/test.ftl"): Found
2021-04-19 14:04:27,964 +0530 [main] DEBUG (_Log4jLoggerFactory.java:44) - Loading template for "spark/partials/test.ftl"("en_US", UTF-8, parsed) from "jar:file:/C:/Users/rajku/.m2/repository/com/aventstack/extentreports/4.1.7/extentreports-4.1.7.jar!/com/aventstack/extentreports/view/spark/partials/test.ftl"
2021-04-19 14:04:27,988 +0530 [main] DEBUG (_Log4jLoggerFactory.java:44) - Couldn't find template in cache for "spark/partials/standard-content.ftl"("en_US", UTF-8, parsed); will try to load it.
2021-04-19 14:04:27,989 +0530 [main] DEBUG (_Log4jLoggerFactory.java:44) - TemplateLoader.findTemplateSource("spark/partials/standard-content_en_US.ftl"): Not found
2021-04-19 14:04:27,989 +0530 [main] DEBUG (_Log4jLoggerFactory.java:44) - TemplateLoader.findTemplateSource("spark/partials/standard-content_en.ftl"): Not found
2021-04-19 14:04:27,990 +0530 [main] DEBUG (_Log4jLoggerFactory.java:44) - TemplateLoader.findTemplateSource("spark/partials/standard-content.ftl"): Found
2021-04-19 14:04:27,991 +0530 [main] DEBUG (_Log4jLoggerFactory.java:44) - Loading template for "spark/partials/standard-content.ftl"("en_US", UTF-8, parsed) from "jar:file:/C:/Users/rajku/.m2/repository/com/aventstack/extentreports/4.1.7/extentreports-4.1.7.jar!/com/aventstack/extentreports/view/spark/partials/standard-content.ftl"
2021-04-19 14:04:27,998 +0530 [main] DEBUG (_Log4jLoggerFactory.java:44) - "spark/partials/standard-content.ftl"("en_US", UTF-8, parsed) cached copy not yet stale; using cached.
2021-04-19 14:04:27,999 +0530 [main] DEBUG (_Log4jLoggerFactory.java:44) - "spark/partials/standard-content.ftl"("en_US", UTF-8, parsed) cached copy not yet stale; using cached.
2021-04-19 14:04:28,014 +0530 [main] DEBUG (_Log4jLoggerFactory.java:44) - "spark/partials/standard-content.ftl"("en_US", UTF-8, parsed) cached copy not yet stale; using cached.
2021-04-19 14:04:28,017 +0530 [main] DEBUG (_Log4jLoggerFactory.java:44) - "spark/partials/standard-content.ftl"("en_US", UTF-8, parsed) cached copy not yet stale; using cached.
2021-04-19 14:04:28,019 +0530 [main] DEBUG (_Log4jLoggerFactory.java:44) - "spark/partials/standard-content.ftl"("en_US", UTF-8, parsed) cached copy not yet stale; using cached.
2021-04-19 14:04:28,020 +0530 [main] DEBUG (_Log4jLoggerFactory.java:44) - "spark/partials/standard-content.ftl"("en_US", UTF-8, parsed) cached copy not yet stale; using cached.
2021-04-19 14:04:28,024 +0530 [main] DEBUG (_Log4jLoggerFactory.java:44) - "spark/partials/standard-content.ftl"("en_US", UTF-8, parsed) cached copy not yet stale; using cached.
2021-04-19 14:04:28,028 +0530 [main] DEBUG (_Log4jLoggerFactory.java:44) - "spark/partials/standard-content.ftl"("en_US", UTF-8, parsed) cached copy not yet stale; using cached.
2021-04-19 14:04:28,030 +0530 [main] DEBUG (_Log4jLoggerFactory.java:44) - "spark/partials/standard-content.ftl"("en_US", UTF-8, parsed) cached copy not yet stale; using cached.
2021-04-19 14:04:28,031 +0530 [main] DEBUG (_Log4jLoggerFactory.java:44) - "spark/partials/standard-content.ftl"("en_US", UTF-8, parsed) cached copy not yet stale; using cached.
2021-04-19 14:04:28,032 +0530 [main] DEBUG (_Log4jLoggerFactory.java:44) - "spark/partials/standard-content.ftl"("en_US", UTF-8, parsed) cached copy not yet stale; using cached.
2021-04-19 14:04:28,034 +0530 [main] DEBUG (_Log4jLoggerFactory.java:44) - "spark/partials/standard-content.ftl"("en_US", UTF-8, parsed) cached copy not yet stale; using cached.
2021-04-19 14:04:28,036 +0530 [main] DEBUG (_Log4jLoggerFactory.java:44) - "spark/partials/standard-content.ftl"("en_US", UTF-8, parsed) cached copy not yet stale; using cached.
2021-04-19 14:04:28,039 +0530 [main] DEBUG (_Log4jLoggerFactory.java:44) - "spark/partials/standard-content.ftl"("en_US", UTF-8, parsed) cached copy not yet stale; using cached.
2021-04-19 14:04:28,040 +0530 [main] DEBUG (_Log4jLoggerFactory.java:44) - "spark/partials/standard-content.ftl"("en_US", UTF-8, parsed) cached copy not yet stale; using cached.
2021-04-19 14:04:28,041 +0530 [main] DEBUG (_Log4jLoggerFactory.java:44) - "spark/partials/standard-content.ftl"("en_US", UTF-8, parsed) cached copy not yet stale; using cached.
2021-04-19 14:04:28,044 +0530 [main] DEBUG (_Log4jLoggerFactory.java:44) - Couldn't find template in cache for "spark/partials/exception.ftl"("en_US", UTF-8, parsed); will try to load it.
2021-04-19 14:04:28,045 +0530 [main] DEBUG (_Log4jLoggerFactory.java:44) - TemplateLoader.findTemplateSource("spark/partials/exception_en_US.ftl"): Not found
2021-04-19 14:04:28,046 +0530 [main] DEBUG (_Log4jLoggerFactory.java:44) - TemplateLoader.findTemplateSource("spark/partials/exception_en.ftl"): Not found
2021-04-19 14:04:28,046 +0530 [main] DEBUG (_Log4jLoggerFactory.java:44) - TemplateLoader.findTemplateSource("spark/partials/exception.ftl"): Found
2021-04-19 14:04:28,047 +0530 [main] DEBUG (_Log4jLoggerFactory.java:44) - Loading template for "spark/partials/exception.ftl"("en_US", UTF-8, parsed) from "jar:file:/C:/Users/rajku/.m2/repository/com/aventstack/extentreports/4.1.7/extentreports-4.1.7.jar!/com/aventstack/extentreports/view/spark/partials/exception.ftl"
2021-04-19 14:04:28,055 +0530 [main] DEBUG (_Log4jLoggerFactory.java:44) - Couldn't find template in cache for "spark/partials/dashboard.ftl"("en_US", UTF-8, parsed); will try to load it.
2021-04-19 14:04:28,056 +0530 [main] DEBUG (_Log4jLoggerFactory.java:44) - TemplateLoader.findTemplateSource("spark/partials/dashboard_en_US.ftl"): Not found
2021-04-19 14:04:28,057 +0530 [main] DEBUG (_Log4jLoggerFactory.java:44) - TemplateLoader.findTemplateSource("spark/partials/dashboard_en.ftl"): Not found
2021-04-19 14:04:28,057 +0530 [main] DEBUG (_Log4jLoggerFactory.java:44) - TemplateLoader.findTemplateSource("spark/partials/dashboard.ftl"): Found
2021-04-19 14:04:28,057 +0530 [main] DEBUG (_Log4jLoggerFactory.java:44) - Loading template for "spark/partials/dashboard.ftl"("en_US", UTF-8, parsed) from "jar:file:/C:/Users/rajku/.m2/repository/com/aventstack/extentreports/4.1.7/extentreports-4.1.7.jar!/com/aventstack/extentreports/view/spark/partials/dashboard.ftl"
2021-04-19 14:04:28,100 +0530 [main] DEBUG (_Log4jLoggerFactory.java:44) - Couldn't find template in cache for "spark/partials/scripts.ftl"("en_US", UTF-8, parsed); will try to load it.
2021-04-19 14:04:28,102 +0530 [main] DEBUG (_Log4jLoggerFactory.java:44) - TemplateLoader.findTemplateSource("spark/partials/scripts_en_US.ftl"): Not found
2021-04-19 14:04:28,102 +0530 [main] DEBUG (_Log4jLoggerFactory.java:44) - TemplateLoader.findTemplateSource("spark/partials/scripts_en.ftl"): Not found
2021-04-19 14:04:28,103 +0530 [main] DEBUG (_Log4jLoggerFactory.java:44) - TemplateLoader.findTemplateSource("spark/partials/scripts.ftl"): Found
2021-04-19 14:04:28,103 +0530 [main] DEBUG (_Log4jLoggerFactory.java:44) - Loading template for "spark/partials/scripts.ftl"("en_US", UTF-8, parsed) from "jar:file:/C:/Users/rajku/.m2/repository/com/aventstack/extentreports/4.1.7/extentreports-4.1.7.jar!/com/aventstack/extentreports/view/spark/partials/scripts.ftl"
2021-04-19 14:04:28,106 +0530 [main] DEBUG (_Log4jLoggerFactory.java:44) - Couldn't find template in cache for "commons/commons-inject-js.ftl"("en_US", UTF-8, parsed); will try to load it.
2021-04-19 14:04:28,107 +0530 [main] DEBUG (_Log4jLoggerFactory.java:44) - TemplateLoader.findTemplateSource("commons/commons-inject-js_en_US.ftl"): Not found
2021-04-19 14:04:28,108 +0530 [main] DEBUG (_Log4jLoggerFactory.java:44) - TemplateLoader.findTemplateSource("commons/commons-inject-js_en.ftl"): Not found
2021-04-19 14:04:28,108 +0530 [main] DEBUG (_Log4jLoggerFactory.java:44) - TemplateLoader.findTemplateSource("commons/commons-inject-js.ftl"): Found
2021-04-19 14:04:28,109 +0530 [main] DEBUG (_Log4jLoggerFactory.java:44) - Loading template for "commons/commons-inject-js.ftl"("en_US", UTF-8, parsed) from "jar:file:/C:/Users/rajku/.m2/repository/com/aventstack/extentreports/4.1.7/extentreports-4.1.7.jar!/com/aventstack/extentreports/view/commons/commons-inject-js.ftl"
2021-04-19 14:13:59,342 +0530 [main] INFO  (BaseClass.java:58) - Opening the browser
2021-04-19 14:13:59,349 +0530 [main] INFO  (BaseClass.java:59) - Invoking the URL
2021-04-19 14:14:07,009 +0530 [main] INFO  (BaseClass.java:61) - Maximizing the window
2021-04-19 14:14:07,491 +0530 [main] INFO  (LoginPageTest.java:20) - click on SignIn Button
2021-04-19 14:14:10,587 +0530 [main] INFO  (LoginPageTest.java:22) - entering USERNAME and PASSWORD
2021-04-19 14:14:13,651 +0530 [main] INFO  (LoginPageTest.java:25) - Login Suucess
2021-04-19 14:14:15,688 +0530 [main] INFO  (BaseClass.java:58) - Opening the browser
2021-04-19 14:14:15,689 +0530 [main] INFO  (BaseClass.java:59) - Invoking the URL
2021-04-19 14:14:24,729 +0530 [main] INFO  (BaseClass.java:61) - Maximizing the window
2021-04-19 14:14:25,040 +0530 [main] INFO  (EndToEndTest.java:41) - Searching for a Product
2021-04-19 14:14:27,747 +0530 [main] INFO  (EndToEndTest.java:45) - Click on Product for more information
2021-04-19 14:14:30,123 +0530 [main] INFO  (EndToEndTest.java:47) - Select Quantity
2021-04-19 14:14:30,374 +0530 [main] INFO  (EndToEndTest.java:49) - Select Size
2021-04-19 14:14:30,582 +0530 [main] INFO  (EndToEndTest.java:51) - Click on Add to Cart Button
2021-04-19 14:14:30,707 +0530 [main] INFO  (EndToEndTest.java:53) - Click on Proceed to checkout Button
2021-04-19 14:14:35,072 +0530 [main] INFO  (EndToEndTest.java:55) - Click on Proceed to checkout Button
2021-04-19 14:14:37,674 +0530 [main] INFO  (EndToEndTest.java:58) - enter USERNAME and PASSWORD to signin
2021-04-19 14:14:41,767 +0530 [main] INFO  (EndToEndTest.java:61) - Click on Proceed to checkout Button
2021-04-19 14:14:43,849 +0530 [main] INFO  (EndToEndTest.java:63) - Click on Terms and Conditions
2021-04-19 14:14:43,998 +0530 [main] INFO  (EndToEndTest.java:65) - Click on Proceed to checkout Button
2021-04-19 14:14:45,829 +0530 [main] INFO  (EndToEndTest.java:67) - Click on Bank Wire Option
2021-04-19 14:14:47,862 +0530 [main] INFO  (EndToEndTest.java:69) - Click on Confirm my order
2021-04-19 14:14:51,621 +0530 [main] INFO  (EndToEndTest.java:73) - Your Order complete successfully
2021-04-19 14:14:53,049 +0530 [main] INFO  (BaseClass.java:58) - Opening the browser
2021-04-19 14:14:53,050 +0530 [main] INFO  (BaseClass.java:59) - Invoking the URL
2021-04-19 14:15:05,108 +0530 [main] INFO  (BaseClass.java:61) - Maximizing the window
2021-04-19 14:15:06,762 +0530 [main] INFO  (BaseClass.java:58) - Opening the browser
2021-04-19 14:15:06,762 +0530 [main] INFO  (BaseClass.java:59) - Invoking the URL
2021-04-19 14:15:15,735 +0530 [main] INFO  (BaseClass.java:61) - Maximizing the window
2021-04-19 14:15:17,301 +0530 [main] INFO  (BaseClass.java:58) - Opening the browser
2021-04-19 14:15:17,301 +0530 [main] INFO  (BaseClass.java:59) - Invoking the URL
2021-04-19 14:15:26,884 +0530 [main] INFO  (BaseClass.java:61) - Maximizing the window
2021-04-19 14:15:36,650 +0530 [main] INFO  (BaseClass.java:58) - Opening the browser
2021-04-19 14:15:36,651 +0530 [main] INFO  (BaseClass.java:59) - Invoking the URL
2021-04-19 14:15:46,149 +0530 [main] INFO  (BaseClass.java:61) - Maximizing the window
2021-04-19 14:16:02,883 +0530 [main] INFO  (BaseClass.java:58) - Opening the browser
2021-04-19 14:16:02,883 +0530 [main] INFO  (BaseClass.java:59) - Invoking the URL
2021-04-19 14:16:11,503 +0530 [main] INFO  (BaseClass.java:61) - Maximizing the window
2021-04-19 14:16:28,453 +0530 [main] INFO  (BaseClass.java:58) - Opening the browser
2021-04-19 14:16:28,454 +0530 [main] INFO  (BaseClass.java:59) - Invoking the URL
2021-04-19 14:16:36,893 +0530 [main] INFO  (BaseClass.java:61) - Maximizing the window
2021-04-19 14:16:52,864 +0530 [main] INFO  (BaseClass.java:58) - Opening the browser
2021-04-19 14:16:52,865 +0530 [main] INFO  (BaseClass.java:59) - Invoking the URL
2021-04-19 14:17:00,542 +0530 [main] INFO  (BaseClass.java:61) - Maximizing the window
2021-04-19 14:17:11,280 +0530 [main] INFO  (BaseClass.java:58) - Opening the browser
2021-04-19 14:17:11,280 +0530 [main] INFO  (BaseClass.java:59) - Invoking the URL
2021-04-19 14:17:18,449 +0530 [main] INFO  (BaseClass.java:61) - Maximizing the window
2021-04-19 14:17:29,376 +0530 [main] INFO  (BaseClass.java:58) - Opening the browser
2021-04-19 14:17:29,377 +0530 [main] INFO  (BaseClass.java:59) - Invoking the URL
2021-04-19 14:17:43,338 +0530 [main] INFO  (BaseClass.java:61) - Maximizing the window
2021-04-19 14:17:54,480 +0530 [main] INFO  (BaseClass.java:58) - Opening the browser
2021-04-19 14:17:54,480 +0530 [main] INFO  (BaseClass.java:59) - Invoking the URL
2021-04-19 14:18:09,784 +0530 [main] INFO  (BaseClass.java:61) - Maximizing the window
2021-04-19 14:18:20,490 +0530 [main] DEBUG (_Log4jLoggerFactory.java:44) - Couldn't find template in cache for "spark/spark.spa.ftl"("en_US", UTF-8, parsed); will try to load it.
2021-04-19 14:18:20,493 +0530 [main] DEBUG (_Log4jLoggerFactory.java:44) - TemplateLoader.findTemplateSource("spark/spark.spa_en_US.ftl"): Not found
2021-04-19 14:18:20,495 +0530 [main] DEBUG (_Log4jLoggerFactory.java:44) - TemplateLoader.findTemplateSource("spark/spark.spa_en.ftl"): Not found
2021-04-19 14:18:20,497 +0530 [main] DEBUG (_Log4jLoggerFactory.java:44) - TemplateLoader.findTemplateSource("spark/spark.spa.ftl"): Found
2021-04-19 14:18:20,497 +0530 [main] DEBUG (_Log4jLoggerFactory.java:44) - Loading template for "spark/spark.spa.ftl"("en_US", UTF-8, parsed) from "jar:file:/C:/Users/rajku/.m2/repository/com/aventstack/extentreports/4.1.7/extentreports-4.1.7.jar!/com/aventstack/extentreports/view/spark/spark.spa.ftl"
2021-04-19 14:18:20,822 +0530 [main] DEBUG (_Log4jLoggerFactory.java:44) - Couldn't find template in cache for "commons/commons-variables.ftl"("en_US", UTF-8, parsed); will try to load it.
2021-04-19 14:18:20,824 +0530 [main] DEBUG (_Log4jLoggerFactory.java:44) - TemplateLoader.findTemplateSource("commons/commons-variables_en_US.ftl"): Not found
2021-04-19 14:18:20,827 +0530 [main] DEBUG (_Log4jLoggerFactory.java:44) - TemplateLoader.findTemplateSource("commons/commons-variables_en.ftl"): Not found
2021-04-19 14:18:20,828 +0530 [main] DEBUG (_Log4jLoggerFactory.java:44) - TemplateLoader.findTemplateSource("commons/commons-variables.ftl"): Found
2021-04-19 14:18:20,829 +0530 [main] DEBUG (_Log4jLoggerFactory.java:44) - Loading template for "commons/commons-variables.ftl"("en_US", UTF-8, parsed) from "jar:file:/C:/Users/rajku/.m2/repository/com/aventstack/extentreports/4.1.7/extentreports-4.1.7.jar!/com/aventstack/extentreports/view/commons/commons-variables.ftl"
2021-04-19 14:18:20,931 +0530 [main] DEBUG (_Log4jLoggerFactory.java:44) - Couldn't find template in cache for "commons/commons-macros.ftl"("en_US", UTF-8, parsed); will try to load it.
2021-04-19 14:18:20,933 +0530 [main] DEBUG (_Log4jLoggerFactory.java:44) - TemplateLoader.findTemplateSource("commons/commons-macros_en_US.ftl"): Not found
2021-04-19 14:18:20,934 +0530 [main] DEBUG (_Log4jLoggerFactory.java:44) - TemplateLoader.findTemplateSource("commons/commons-macros_en.ftl"): Not found
2021-04-19 14:18:20,936 +0530 [main] DEBUG (_Log4jLoggerFactory.java:44) - TemplateLoader.findTemplateSource("commons/commons-macros.ftl"): Found
2021-04-19 14:18:20,938 +0530 [main] DEBUG (_Log4jLoggerFactory.java:44) - Loading template for "commons/commons-macros.ftl"("en_US", UTF-8, parsed) from "jar:file:/C:/Users/rajku/.m2/repository/com/aventstack/extentreports/4.1.7/extentreports-4.1.7.jar!/com/aventstack/extentreports/view/commons/commons-macros.ftl"
2021-04-19 14:18:20,967 +0530 [main] DEBUG (_Log4jLoggerFactory.java:44) - Couldn't find template in cache for "spark/macros/attributes.ftl"("en_US", UTF-8, parsed); will try to load it.
2021-04-19 14:18:20,969 +0530 [main] DEBUG (_Log4jLoggerFactory.java:44) - TemplateLoader.findTemplateSource("spark/macros/attributes_en_US.ftl"): Not found
2021-04-19 14:18:20,970 +0530 [main] DEBUG (_Log4jLoggerFactory.java:44) - TemplateLoader.findTemplateSource("spark/macros/attributes_en.ftl"): Not found
2021-04-19 14:18:20,972 +0530 [main] DEBUG (_Log4jLoggerFactory.java:44) - TemplateLoader.findTemplateSource("spark/macros/attributes.ftl"): Found
2021-04-19 14:18:20,972 +0530 [main] DEBUG (_Log4jLoggerFactory.java:44) - Loading template for "spark/macros/attributes.ftl"("en_US", UTF-8, parsed) from "jar:file:/C:/Users/rajku/.m2/repository/com/aventstack/extentreports/4.1.7/extentreports-4.1.7.jar!/com/aventstack/extentreports/view/spark/macros/attributes.ftl"
2021-04-19 14:18:20,989 +0530 [main] DEBUG (_Log4jLoggerFactory.java:44) - Couldn't find template in cache for "spark/macros/log.ftl"("en_US", UTF-8, parsed); will try to load it.
2021-04-19 14:18:20,990 +0530 [main] DEBUG (_Log4jLoggerFactory.java:44) - TemplateLoader.findTemplateSource("spark/macros/log_en_US.ftl"): Not found
2021-04-19 14:18:20,991 +0530 [main] DEBUG (_Log4jLoggerFactory.java:44) - TemplateLoader.findTemplateSource("spark/macros/log_en.ftl"): Not found
2021-04-19 14:18:20,991 +0530 [main] DEBUG (_Log4jLoggerFactory.java:44) - TemplateLoader.findTemplateSource("spark/macros/log.ftl"): Found
2021-04-19 14:18:20,992 +0530 [main] DEBUG (_Log4jLoggerFactory.java:44) - Loading template for "spark/macros/log.ftl"("en_US", UTF-8, parsed) from "jar:file:/C:/Users/rajku/.m2/repository/com/aventstack/extentreports/4.1.7/extentreports-4.1.7.jar!/com/aventstack/extentreports/view/spark/macros/log.ftl"
2021-04-19 14:18:20,995 +0530 [main] DEBUG (_Log4jLoggerFactory.java:44) - Couldn't find template in cache for "spark/macros/recurse_nodes.ftl"("en_US", UTF-8, parsed); will try to load it.
2021-04-19 14:18:20,996 +0530 [main] DEBUG (_Log4jLoggerFactory.java:44) - TemplateLoader.findTemplateSource("spark/macros/recurse_nodes_en_US.ftl"): Not found
2021-04-19 14:18:21,003 +0530 [main] DEBUG (_Log4jLoggerFactory.java:44) - TemplateLoader.findTemplateSource("spark/macros/recurse_nodes_en.ftl"): Not found
2021-04-19 14:18:21,004 +0530 [main] DEBUG (_Log4jLoggerFactory.java:44) - TemplateLoader.findTemplateSource("spark/macros/recurse_nodes.ftl"): Found
2021-04-19 14:18:21,006 +0530 [main] DEBUG (_Log4jLoggerFactory.java:44) - Loading template for "spark/macros/recurse_nodes.ftl"("en_US", UTF-8, parsed) from "jar:file:/C:/Users/rajku/.m2/repository/com/aventstack/extentreports/4.1.7/extentreports-4.1.7.jar!/com/aventstack/extentreports/view/spark/macros/recurse_nodes.ftl"
2021-04-19 14:18:21,010 +0530 [main] DEBUG (_Log4jLoggerFactory.java:44) - "spark/macros/log.ftl"("en_US", UTF-8, parsed) cached copy not yet stale; using cached.
2021-04-19 14:18:21,020 +0530 [main] DEBUG (_Log4jLoggerFactory.java:44) - Couldn't find template in cache for "spark/partials/head.ftl"("en_US", UTF-8, parsed); will try to load it.
2021-04-19 14:18:21,021 +0530 [main] DEBUG (_Log4jLoggerFactory.java:44) - TemplateLoader.findTemplateSource("spark/partials/head_en_US.ftl"): Not found
2021-04-19 14:18:21,022 +0530 [main] DEBUG (_Log4jLoggerFactory.java:44) - TemplateLoader.findTemplateSource("spark/partials/head_en.ftl"): Not found
2021-04-19 14:18:21,023 +0530 [main] DEBUG (_Log4jLoggerFactory.java:44) - TemplateLoader.findTemplateSource("spark/partials/head.ftl"): Found
2021-04-19 14:18:21,023 +0530 [main] DEBUG (_Log4jLoggerFactory.java:44) - Loading template for "spark/partials/head.ftl"("en_US", UTF-8, parsed) from "jar:file:/C:/Users/rajku/.m2/repository/com/aventstack/extentreports/4.1.7/extentreports-4.1.7.jar!/com/aventstack/extentreports/view/spark/partials/head.ftl"
2021-04-19 14:18:21,028 +0530 [main] DEBUG (_Log4jLoggerFactory.java:44) - Couldn't find template in cache for "commons/commons-inject-css.ftl"("en_US", UTF-8, parsed); will try to load it.
2021-04-19 14:18:21,030 +0530 [main] DEBUG (_Log4jLoggerFactory.java:44) - TemplateLoader.findTemplateSource("commons/commons-inject-css_en_US.ftl"): Not found
2021-04-19 14:18:21,031 +0530 [main] DEBUG (_Log4jLoggerFactory.java:44) - TemplateLoader.findTemplateSource("commons/commons-inject-css_en.ftl"): Not found
2021-04-19 14:18:21,032 +0530 [main] DEBUG (_Log4jLoggerFactory.java:44) - TemplateLoader.findTemplateSource("commons/commons-inject-css.ftl"): Found
2021-04-19 14:18:21,032 +0530 [main] DEBUG (_Log4jLoggerFactory.java:44) - Loading template for "commons/commons-inject-css.ftl"("en_US", UTF-8, parsed) from "jar:file:/C:/Users/rajku/.m2/repository/com/aventstack/extentreports/4.1.7/extentreports-4.1.7.jar!/com/aventstack/extentreports/view/commons/commons-inject-css.ftl"
2021-04-19 14:18:21,034 +0530 [main] DEBUG (_Log4jLoggerFactory.java:44) - Couldn't find template in cache for "spark/partials/navbar.ftl"("en_US", UTF-8, parsed); will try to load it.
2021-04-19 14:18:21,036 +0530 [main] DEBUG (_Log4jLoggerFactory.java:44) - TemplateLoader.findTemplateSource("spark/partials/navbar_en_US.ftl"): Not found
2021-04-19 14:18:21,039 +0530 [main] DEBUG (_Log4jLoggerFactory.java:44) - TemplateLoader.findTemplateSource("spark/partials/navbar_en.ftl"): Not found
2021-04-19 14:18:21,045 +0530 [main] DEBUG (_Log4jLoggerFactory.java:44) - TemplateLoader.findTemplateSource("spark/partials/navbar.ftl"): Found
2021-04-19 14:18:21,046 +0530 [main] DEBUG (_Log4jLoggerFactory.java:44) - Loading template for "spark/partials/navbar.ftl"("en_US", UTF-8, parsed) from "jar:file:/C:/Users/rajku/.m2/repository/com/aventstack/extentreports/4.1.7/extentreports-4.1.7.jar!/com/aventstack/extentreports/view/spark/partials/navbar.ftl"
2021-04-19 14:18:21,062 +0530 [main] DEBUG (_Log4jLoggerFactory.java:44) - Couldn't find template in cache for "spark/partials/sidenav.ftl"("en_US", UTF-8, parsed); will try to load it.
2021-04-19 14:18:21,063 +0530 [main] DEBUG (_Log4jLoggerFactory.java:44) - TemplateLoader.findTemplateSource("spark/partials/sidenav_en_US.ftl"): Not found
2021-04-19 14:18:21,064 +0530 [main] DEBUG (_Log4jLoggerFactory.java:44) - TemplateLoader.findTemplateSource("spark/partials/sidenav_en.ftl"): Not found
2021-04-19 14:18:21,064 +0530 [main] DEBUG (_Log4jLoggerFactory.java:44) - TemplateLoader.findTemplateSource("spark/partials/sidenav.ftl"): Found
2021-04-19 14:18:21,065 +0530 [main] DEBUG (_Log4jLoggerFactory.java:44) - Loading template for "spark/partials/sidenav.ftl"("en_US", UTF-8, parsed) from "jar:file:/C:/Users/rajku/.m2/repository/com/aventstack/extentreports/4.1.7/extentreports-4.1.7.jar!/com/aventstack/extentreports/view/spark/partials/sidenav.ftl"
2021-04-19 14:18:21,070 +0530 [main] DEBUG (_Log4jLoggerFactory.java:44) - Couldn't find template in cache for "spark/partials/test.ftl"("en_US", UTF-8, parsed); will try to load it.
2021-04-19 14:18:21,071 +0530 [main] DEBUG (_Log4jLoggerFactory.java:44) - TemplateLoader.findTemplateSource("spark/partials/test_en_US.ftl"): Not found
2021-04-19 14:18:21,071 +0530 [main] DEBUG (_Log4jLoggerFactory.java:44) - TemplateLoader.findTemplateSource("spark/partials/test_en.ftl"): Not found
2021-04-19 14:18:21,072 +0530 [main] DEBUG (_Log4jLoggerFactory.java:44) - TemplateLoader.findTemplateSource("spark/partials/test.ftl"): Found
2021-04-19 14:18:21,073 +0530 [main] DEBUG (_Log4jLoggerFactory.java:44) - Loading template for "spark/partials/test.ftl"("en_US", UTF-8, parsed) from "jar:file:/C:/Users/rajku/.m2/repository/com/aventstack/extentreports/4.1.7/extentreports-4.1.7.jar!/com/aventstack/extentreports/view/spark/partials/test.ftl"
2021-04-19 14:18:21,128 +0530 [main] DEBUG (_Log4jLoggerFactory.java:44) - Couldn't find template in cache for "spark/partials/standard-content.ftl"("en_US", UTF-8, parsed); will try to load it.
2021-04-19 14:18:21,129 +0530 [main] DEBUG (_Log4jLoggerFactory.java:44) - TemplateLoader.findTemplateSource("spark/partials/standard-content_en_US.ftl"): Not found
2021-04-19 14:18:21,137 +0530 [main] DEBUG (_Log4jLoggerFactory.java:44) - TemplateLoader.findTemplateSource("spark/partials/standard-content_en.ftl"): Not found
2021-04-19 14:18:21,138 +0530 [main] DEBUG (_Log4jLoggerFactory.java:44) - TemplateLoader.findTemplateSource("spark/partials/standard-content.ftl"): Found
2021-04-19 14:18:21,148 +0530 [main] DEBUG (_Log4jLoggerFactory.java:44) - Loading template for "spark/partials/standard-content.ftl"("en_US", UTF-8, parsed) from "jar:file:/C:/Users/rajku/.m2/repository/com/aventstack/extentreports/4.1.7/extentreports-4.1.7.jar!/com/aventstack/extentreports/view/spark/partials/standard-content.ftl"
2021-04-19 14:18:21,159 +0530 [main] DEBUG (_Log4jLoggerFactory.java:44) - "spark/partials/standard-content.ftl"("en_US", UTF-8, parsed) cached copy not yet stale; using cached.
2021-04-19 14:18:21,161 +0530 [main] DEBUG (_Log4jLoggerFactory.java:44) - "spark/partials/standard-content.ftl"("en_US", UTF-8, parsed) cached copy not yet stale; using cached.
2021-04-19 14:18:21,163 +0530 [main] DEBUG (_Log4jLoggerFactory.java:44) - "spark/partials/standard-content.ftl"("en_US", UTF-8, parsed) cached copy not yet stale; using cached.
2021-04-19 14:18:21,165 +0530 [main] DEBUG (_Log4jLoggerFactory.java:44) - "spark/partials/standard-content.ftl"("en_US", UTF-8, parsed) cached copy not yet stale; using cached.
2021-04-19 14:18:21,167 +0530 [main] DEBUG (_Log4jLoggerFactory.java:44) - "spark/partials/standard-content.ftl"("en_US", UTF-8, parsed) cached copy not yet stale; using cached.
2021-04-19 14:18:21,170 +0530 [main] DEBUG (_Log4jLoggerFactory.java:44) - "spark/partials/standard-content.ftl"("en_US", UTF-8, parsed) cached copy not yet stale; using cached.
2021-04-19 14:18:21,174 +0530 [main] DEBUG (_Log4jLoggerFactory.java:44) - "spark/partials/standard-content.ftl"("en_US", UTF-8, parsed) cached copy not yet stale; using cached.
2021-04-19 14:18:21,177 +0530 [main] DEBUG (_Log4jLoggerFactory.java:44) - "spark/partials/standard-content.ftl"("en_US", UTF-8, parsed) cached copy not yet stale; using cached.
2021-04-19 14:18:21,179 +0530 [main] DEBUG (_Log4jLoggerFactory.java:44) - "spark/partials/standard-content.ftl"("en_US", UTF-8, parsed) cached copy not yet stale; using cached.
2021-04-19 14:18:21,180 +0530 [main] DEBUG (_Log4jLoggerFactory.java:44) - "spark/partials/standard-content.ftl"("en_US", UTF-8, parsed) cached copy not yet stale; using cached.
2021-04-19 14:18:21,182 +0530 [main] DEBUG (_Log4jLoggerFactory.java:44) - "spark/partials/standard-content.ftl"("en_US", UTF-8, parsed) cached copy not yet stale; using cached.
2021-04-19 14:18:21,193 +0530 [main] DEBUG (_Log4jLoggerFactory.java:44) - Couldn't find template in cache for "spark/partials/dashboard.ftl"("en_US", UTF-8, parsed); will try to load it.
2021-04-19 14:18:21,194 +0530 [main] DEBUG (_Log4jLoggerFactory.java:44) - TemplateLoader.findTemplateSource("spark/partials/dashboard_en_US.ftl"): Not found
2021-04-19 14:18:21,194 +0530 [main] DEBUG (_Log4jLoggerFactory.java:44) - TemplateLoader.findTemplateSource("spark/partials/dashboard_en.ftl"): Not found
2021-04-19 14:18:21,195 +0530 [main] DEBUG (_Log4jLoggerFactory.java:44) - TemplateLoader.findTemplateSource("spark/partials/dashboard.ftl"): Found
2021-04-19 14:18:21,196 +0530 [main] DEBUG (_Log4jLoggerFactory.java:44) - Loading template for "spark/partials/dashboard.ftl"("en_US", UTF-8, parsed) from "jar:file:/C:/Users/rajku/.m2/repository/com/aventstack/extentreports/4.1.7/extentreports-4.1.7.jar!/com/aventstack/extentreports/view/spark/partials/dashboard.ftl"
2021-04-19 14:18:21,287 +0530 [main] DEBUG (_Log4jLoggerFactory.java:44) - Couldn't find template in cache for "spark/partials/scripts.ftl"("en_US", UTF-8, parsed); will try to load it.
2021-04-19 14:18:21,288 +0530 [main] DEBUG (_Log4jLoggerFactory.java:44) - TemplateLoader.findTemplateSource("spark/partials/scripts_en_US.ftl"): Not found
2021-04-19 14:18:21,289 +0530 [main] DEBUG (_Log4jLoggerFactory.java:44) - TemplateLoader.findTemplateSource("spark/partials/scripts_en.ftl"): Not found
2021-04-19 14:18:21,291 +0530 [main] DEBUG (_Log4jLoggerFactory.java:44) - TemplateLoader.findTemplateSource("spark/partials/scripts.ftl"): Found
2021-04-19 14:18:21,291 +0530 [main] DEBUG (_Log4jLoggerFactory.java:44) - Loading template for "spark/partials/scripts.ftl"("en_US", UTF-8, parsed) from "jar:file:/C:/Users/rajku/.m2/repository/com/aventstack/extentreports/4.1.7/extentreports-4.1.7.jar!/com/aventstack/extentreports/view/spark/partials/scripts.ftl"
2021-04-19 14:18:21,294 +0530 [main] DEBUG (_Log4jLoggerFactory.java:44) - Couldn't find template in cache for "commons/commons-inject-js.ftl"("en_US", UTF-8, parsed); will try to load it.
2021-04-19 14:18:21,294 +0530 [main] DEBUG (_Log4jLoggerFactory.java:44) - TemplateLoader.findTemplateSource("commons/commons-inject-js_en_US.ftl"): Not found
2021-04-19 14:18:21,295 +0530 [main] DEBUG (_Log4jLoggerFactory.java:44) - TemplateLoader.findTemplateSource("commons/commons-inject-js_en.ftl"): Not found
2021-04-19 14:18:21,295 +0530 [main] DEBUG (_Log4jLoggerFactory.java:44) - TemplateLoader.findTemplateSource("commons/commons-inject-js.ftl"): Found
2021-04-19 14:18:21,297 +0530 [main] DEBUG (_Log4jLoggerFactory.java:44) - Loading template for "commons/commons-inject-js.ftl"("en_US", UTF-8, parsed) from "jar:file:/C:/Users/rajku/.m2/repository/com/aventstack/extentreports/4.1.7/extentreports-4.1.7.jar!/com/aventstack/extentreports/view/commons/commons-inject-js.ftl"
